2022-07-07 13:51:11,481 INFO [main] o.a.j.u.JMeterUtils []: Setting Locale to en_EN
2022-07-07 13:51:11,550 INFO [main] o.a.j.JMeter []: Loading user properties from: user.properties
2022-07-07 13:51:11,550 INFO [main] o.a.j.JMeter []: Loading system properties from: system.properties
2022-07-07 13:51:11,551 INFO [main] o.a.j.JMeter []: Setting System property: server_port=1099
2022-07-07 13:51:11,551 INFO [main] o.a.j.JMeter []: Setting System property: java.rmi.server.hostname=172.23.176.134
2022-07-07 13:51:11,574 INFO [main] o.a.j.JMeter []: Copyright (c) 1998-2021 The Apache Software Foundation
2022-07-07 13:51:11,574 INFO [main] o.a.j.JMeter []: Version 5.4.3
2022-07-07 13:51:11,575 INFO [main] o.a.j.JMeter []: java.version=1.8.0_332
2022-07-07 13:51:11,575 INFO [main] o.a.j.JMeter []: java.vm.name=OpenJDK 64-Bit Server VM
2022-07-07 13:51:11,575 INFO [main] o.a.j.JMeter []: os.name=Linux
2022-07-07 13:51:11,575 INFO [main] o.a.j.JMeter []: os.arch=amd64
2022-07-07 13:51:11,575 INFO [main] o.a.j.JMeter []: os.version=3.10.0-957.el7.x86_64
2022-07-07 13:51:11,575 INFO [main] o.a.j.JMeter []: file.encoding=UTF-8
2022-07-07 13:51:11,575 INFO [main] o.a.j.JMeter []: java.awt.headless=true
2022-07-07 13:51:11,575 INFO [main] o.a.j.JMeter []: Max memory     =1073741824
2022-07-07 13:51:11,576 INFO [main] o.a.j.JMeter []: Available Processors =1
2022-07-07 13:51:11,588 INFO [main] o.a.j.JMeter []: Default Locale=English (EN)
2022-07-07 13:51:11,589 INFO [main] o.a.j.JMeter []: JMeter  Locale=English (EN)
2022-07-07 13:51:11,589 INFO [main] o.a.j.JMeter []: JMeterHome=/home/ssamoilic/JMT
2022-07-07 13:51:11,589 INFO [main] o.a.j.JMeter []: user.dir  =/home/ssamoilic/JMT/bin
2022-07-07 13:51:11,589 INFO [main] o.a.j.JMeter []: PWD       =/home/ssamoilic/JMT/bin
2022-07-07 13:51:11,590 INFO [main] o.a.j.JMeter []: IP: 127.0.0.1 Name: localhost.localdomain FullName: localhost
2022-07-07 13:51:11,605 INFO [main] o.a.j.r.RmiUtils []: Disabling SSL for RMI as server.rmi.ssl.disable is set to 'true'
2022-07-07 13:51:11,606 INFO [main] o.a.j.r.RmiUtils []: Disabling SSL for RMI as server.rmi.ssl.disable is set to 'true'
2022-07-07 13:51:11,684 INFO [main] o.a.j.e.RemoteJMeterEngineImpl []: Starting backing engine on 1099
2022-07-07 13:51:11,684 INFO [main] o.a.j.r.RmiUtils []: Resolving by name the value of System property 'java.rmi.server.hostname': 172.23.176.134
2022-07-07 13:51:11,685 INFO [main] o.a.j.r.RmiUtils []: Local IP address=172.23.176.134
2022-07-07 13:51:11,685 INFO [main] o.a.j.e.RemoteJMeterEngineImpl []: IP address is a site-local address; this may cause problems with remote access.
	Can be overridden by defining the system property 'java.rmi.server.hostname' - see jmeter-server script file
2022-07-07 13:51:11,685 INFO [main] o.a.j.e.RemoteJMeterEngineImpl []: Creating RMI registry (server.rmi.create=true)
2022-07-07 13:51:11,685 INFO [main] o.a.j.r.RmiUtils []: Disabling SSL for RMI as server.rmi.ssl.disable is set to 'true'
2022-07-07 13:51:11,685 INFO [main] o.a.j.r.RmiUtils []: Disabling SSL for RMI as server.rmi.ssl.disable is set to 'true'
2022-07-07 13:51:11,700 INFO [main] o.a.j.e.RemoteJMeterEngineImpl []: Bound to RMI registry on port 1099
2022-07-07 13:51:28,763 INFO [RMI TCP Connection(2)-172.23.176.163] o.a.j.s.SampleEvent []: List of sample_variables: []
2022-07-07 13:51:28,785 INFO [RMI TCP Connection(2)-172.23.176.163] o.a.j.s.BatchSampleSender []: Using batching for this run. Thresholds: num=100, time=60000
2022-07-07 13:51:28,785 INFO [RMI TCP Connection(2)-172.23.176.163] o.a.j.s.DataStrippingSampleSender []: Using DataStrippingSampleSender for this run with stripAlsoOnError: true
2022-07-07 13:51:29,675 INFO [RMI TCP Connection(2)-172.23.176.163] o.a.j.p.h.s.HTTPSamplerBase []: Parser for text/html is org.apache.jmeter.protocol.http.parser.LagartoBasedHtmlParser
2022-07-07 13:51:29,675 INFO [RMI TCP Connection(2)-172.23.176.163] o.a.j.p.h.s.HTTPSamplerBase []: Parser for application/xhtml+xml is org.apache.jmeter.protocol.http.parser.LagartoBasedHtmlParser
2022-07-07 13:51:29,675 INFO [RMI TCP Connection(2)-172.23.176.163] o.a.j.p.h.s.HTTPSamplerBase []: Parser for application/xml is org.apache.jmeter.protocol.http.parser.LagartoBasedHtmlParser
2022-07-07 13:51:29,675 INFO [RMI TCP Connection(2)-172.23.176.163] o.a.j.p.h.s.HTTPSamplerBase []: Parser for text/xml is org.apache.jmeter.protocol.http.parser.LagartoBasedHtmlParser
2022-07-07 13:51:29,676 INFO [RMI TCP Connection(2)-172.23.176.163] o.a.j.p.h.s.HTTPSamplerBase []: Parser for text/vnd.wap.wml is org.apache.jmeter.protocol.http.parser.RegexpHTMLParser
2022-07-07 13:51:29,676 INFO [RMI TCP Connection(2)-172.23.176.163] o.a.j.p.h.s.HTTPSamplerBase []: Parser for text/css is org.apache.jmeter.protocol.http.parser.CssParser
2022-07-07 13:51:29,775 INFO [RMI TCP Connection(2)-172.23.176.163] o.a.j.s.BatchSampleSender []: Using batching for this run. Thresholds: num=100, time=60000
2022-07-07 13:51:29,775 INFO [RMI TCP Connection(2)-172.23.176.163] o.a.j.s.DataStrippingSampleSender []: Using DataStrippingSampleSender for this run with stripAlsoOnError: true
2022-07-07 13:51:29,775 INFO [RMI TCP Connection(2)-172.23.176.163] o.a.j.s.BatchSampleSender []: Using batching for this run. Thresholds: num=100, time=60000
2022-07-07 13:51:29,775 INFO [RMI TCP Connection(2)-172.23.176.163] o.a.j.s.DataStrippingSampleSender []: Using DataStrippingSampleSender for this run with stripAlsoOnError: true
2022-07-07 13:51:29,785 INFO [RMI TCP Connection(2)-172.23.176.163] o.a.j.p.h.c.CacheManager []: Will only cache the following methods: [GET]
2022-07-07 13:51:29,792 INFO [RMI TCP Connection(2)-172.23.176.163] o.a.j.p.h.c.CookieManager []: Settings: Delete null: true Check: true Allow variable: true Save: false Prefix: COOKIE_
2022-07-07 13:51:29,836 INFO [RMI TCP Connection(2)-172.23.176.163] o.a.j.e.RemoteJMeterEngineImpl []: Creating JMeter engine on host 172.23.176.134:1099 base '.'
2022-07-07 13:51:29,837 INFO [RMI TCP Connection(2)-172.23.176.163] o.a.j.e.RemoteJMeterEngineImpl []: Remote client host: 172.23.176.163
2022-07-07 13:51:29,842 INFO [RMI TCP Connection(2)-172.23.176.163] o.a.j.s.FileServer []: Default base='/home/ssamoilic/JMT/bin'
2022-07-07 13:51:29,843 INFO [RMI TCP Connection(2)-172.23.176.163] o.a.j.s.FileServer []: Set new base='.'
2022-07-07 13:51:29,855 INFO [RMI TCP Connection(2)-172.23.176.163] o.a.j.e.StandardJMeterEngine []: Applying properties {}
2022-07-07 13:51:29,857 INFO [RMI TCP Connection(2)-172.23.176.163] o.a.j.e.RemoteJMeterEngineImpl []: Running test
2022-07-07 13:51:29,863 INFO [StandardJMeterEngine] o.a.j.e.StandardJMeterEngine []: Running the test!
2022-07-07 13:51:29,864 INFO [StandardJMeterEngine] o.a.j.s.SampleEvent []: List of sample_variables: []
2022-07-07 13:51:29,871 INFO [StandardJMeterEngine] o.a.j.e.u.CompoundVariable []: Note: Function class names must contain the string: '.functions.'
2022-07-07 13:51:29,871 INFO [StandardJMeterEngine] o.a.j.e.u.CompoundVariable []: Note: Function class names must not contain the string: '.gui.'
2022-07-07 13:51:30,319 ERROR [StandardJMeterEngine] o.a.j.s.RemoteListenerWrapper []: testStarted(host) on 172.23.176.134:1099
java.rmi.ConnectIOException: Exception creating connection to: 172.23.176.163; nested exception is: 
	java.net.NoRouteToHostException: No route to host (Host unreachable)
	at sun.rmi.transport.tcp.TCPEndpoint.newSocket(TCPEndpoint.java:635) ~[?:1.8.0_332]
	at sun.rmi.transport.tcp.TCPChannel.createConnection(TCPChannel.java:216) ~[?:1.8.0_332]
	at sun.rmi.transport.tcp.TCPChannel.newConnection(TCPChannel.java:202) ~[?:1.8.0_332]
	at sun.rmi.server.UnicastRef.invoke(UnicastRef.java:132) ~[?:1.8.0_332]
	at java.rmi.server.RemoteObjectInvocationHandler.invokeRemoteMethod(RemoteObjectInvocationHandler.java:235) ~[?:1.8.0_332]
	at java.rmi.server.RemoteObjectInvocationHandler.invoke(RemoteObjectInvocationHandler.java:180) ~[?:1.8.0_332]
	at com.sun.proxy.$Proxy20.testStarted(Unknown Source) ~[?:?]
	at org.apache.jmeter.samplers.RemoteListenerWrapper.testStarted(RemoteListenerWrapper.java:78) [ApacheJMeter_core.jar:5.4.3]
	at org.apache.jmeter.engine.StandardJMeterEngine.notifyTestListenersOfStart(StandardJMeterEngine.java:207) [ApacheJMeter_core.jar:5.4.3]
	at org.apache.jmeter.engine.StandardJMeterEngine.run(StandardJMeterEngine.java:382) [ApacheJMeter_core.jar:5.4.3]
	at java.lang.Thread.run(Thread.java:750) [?:1.8.0_332]
Caused by: java.net.NoRouteToHostException: No route to host (Host unreachable)
	at java.net.PlainSocketImpl.socketConnect(Native Method) ~[?:1.8.0_332]
	at java.net.AbstractPlainSocketImpl.doConnect(AbstractPlainSocketImpl.java:350) ~[?:1.8.0_332]
	at java.net.AbstractPlainSocketImpl.connectToAddress(AbstractPlainSocketImpl.java:206) ~[?:1.8.0_332]
	at java.net.AbstractPlainSocketImpl.connect(AbstractPlainSocketImpl.java:188) ~[?:1.8.0_332]
	at java.net.SocksSocketImpl.connect(SocksSocketImpl.java:392) ~[?:1.8.0_332]
	at java.net.Socket.connect(Socket.java:607) ~[?:1.8.0_332]
	at java.net.Socket.connect(Socket.java:556) ~[?:1.8.0_332]
	at java.net.Socket.<init>(Socket.java:452) ~[?:1.8.0_332]
	at java.net.Socket.<init>(Socket.java:229) ~[?:1.8.0_332]
	at sun.rmi.transport.proxy.RMIDirectSocketFactory.createSocket(RMIDirectSocketFactory.java:40) ~[?:1.8.0_332]
	at sun.rmi.transport.proxy.RMIMasterSocketFactory.createSocket(RMIMasterSocketFactory.java:148) ~[?:1.8.0_332]
	at sun.rmi.transport.tcp.TCPEndpoint.newSocket(TCPEndpoint.java:617) ~[?:1.8.0_332]
	... 10 more
2022-07-07 13:51:30,340 ERROR [StandardJMeterEngine] o.a.j.s.RemoteListenerWrapper []: testStarted(host) on 172.23.176.134:1099
java.rmi.ConnectIOException: Exception creating connection to: 172.23.176.163; nested exception is: 
	java.net.NoRouteToHostException: No route to host (Host unreachable)
	at sun.rmi.transport.tcp.TCPEndpoint.newSocket(TCPEndpoint.java:635) ~[?:1.8.0_332]
	at sun.rmi.transport.tcp.TCPChannel.createConnection(TCPChannel.java:216) ~[?:1.8.0_332]
	at sun.rmi.transport.tcp.TCPChannel.newConnection(TCPChannel.java:202) ~[?:1.8.0_332]
	at sun.rmi.server.UnicastRef.invoke(UnicastRef.java:132) ~[?:1.8.0_332]
	at java.rmi.server.RemoteObjectInvocationHandler.invokeRemoteMethod(RemoteObjectInvocationHandler.java:235) ~[?:1.8.0_332]
	at java.rmi.server.RemoteObjectInvocationHandler.invoke(RemoteObjectInvocationHandler.java:180) ~[?:1.8.0_332]
	at com.sun.proxy.$Proxy20.testStarted(Unknown Source) ~[?:?]
	at org.apache.jmeter.samplers.RemoteListenerWrapper.testStarted(RemoteListenerWrapper.java:78) [ApacheJMeter_core.jar:5.4.3]
	at org.apache.jmeter.engine.StandardJMeterEngine.notifyTestListenersOfStart(StandardJMeterEngine.java:207) [ApacheJMeter_core.jar:5.4.3]
	at org.apache.jmeter.engine.StandardJMeterEngine.run(StandardJMeterEngine.java:382) [ApacheJMeter_core.jar:5.4.3]
	at java.lang.Thread.run(Thread.java:750) [?:1.8.0_332]
Caused by: java.net.NoRouteToHostException: No route to host (Host unreachable)
	at java.net.PlainSocketImpl.socketConnect(Native Method) ~[?:1.8.0_332]
	at java.net.AbstractPlainSocketImpl.doConnect(AbstractPlainSocketImpl.java:350) ~[?:1.8.0_332]
	at java.net.AbstractPlainSocketImpl.connectToAddress(AbstractPlainSocketImpl.java:206) ~[?:1.8.0_332]
	at java.net.AbstractPlainSocketImpl.connect(AbstractPlainSocketImpl.java:188) ~[?:1.8.0_332]
	at java.net.SocksSocketImpl.connect(SocksSocketImpl.java:392) ~[?:1.8.0_332]
	at java.net.Socket.connect(Socket.java:607) ~[?:1.8.0_332]
	at java.net.Socket.connect(Socket.java:556) ~[?:1.8.0_332]
	at java.net.Socket.<init>(Socket.java:452) ~[?:1.8.0_332]
	at java.net.Socket.<init>(Socket.java:229) ~[?:1.8.0_332]
	at sun.rmi.transport.proxy.RMIDirectSocketFactory.createSocket(RMIDirectSocketFactory.java:40) ~[?:1.8.0_332]
	at sun.rmi.transport.proxy.RMIMasterSocketFactory.createSocket(RMIMasterSocketFactory.java:148) ~[?:1.8.0_332]
	at sun.rmi.transport.tcp.TCPEndpoint.newSocket(TCPEndpoint.java:617) ~[?:1.8.0_332]
	... 10 more
2022-07-07 13:51:37,354 ERROR [StandardJMeterEngine] o.a.j.s.RemoteListenerWrapper []: testStarted(host) on 172.23.176.134:1099
java.rmi.ConnectIOException: Exception creating connection to: 172.23.176.163; nested exception is: 
	java.net.NoRouteToHostException: No route to host (Host unreachable)
	at sun.rmi.transport.tcp.TCPEndpoint.newSocket(TCPEndpoint.java:635) ~[?:1.8.0_332]
	at sun.rmi.transport.tcp.TCPChannel.createConnection(TCPChannel.java:216) ~[?:1.8.0_332]
	at sun.rmi.transport.tcp.TCPChannel.newConnection(TCPChannel.java:202) ~[?:1.8.0_332]
	at sun.rmi.server.UnicastRef.invoke(UnicastRef.java:132) ~[?:1.8.0_332]
	at java.rmi.server.RemoteObjectInvocationHandler.invokeRemoteMethod(RemoteObjectInvocationHandler.java:235) ~[?:1.8.0_332]
	at java.rmi.server.RemoteObjectInvocationHandler.invoke(RemoteObjectInvocationHandler.java:180) ~[?:1.8.0_332]
	at com.sun.proxy.$Proxy20.testStarted(Unknown Source) ~[?:?]
	at org.apache.jmeter.samplers.RemoteListenerWrapper.testStarted(RemoteListenerWrapper.java:78) [ApacheJMeter_core.jar:5.4.3]
	at org.apache.jmeter.engine.StandardJMeterEngine.notifyTestListenersOfStart(StandardJMeterEngine.java:207) [ApacheJMeter_core.jar:5.4.3]
	at org.apache.jmeter.engine.StandardJMeterEngine.run(StandardJMeterEngine.java:382) [ApacheJMeter_core.jar:5.4.3]
	at java.lang.Thread.run(Thread.java:750) [?:1.8.0_332]
Caused by: java.net.NoRouteToHostException: No route to host (Host unreachable)
	at java.net.PlainSocketImpl.socketConnect(Native Method) ~[?:1.8.0_332]
	at java.net.AbstractPlainSocketImpl.doConnect(AbstractPlainSocketImpl.java:350) ~[?:1.8.0_332]
	at java.net.AbstractPlainSocketImpl.connectToAddress(AbstractPlainSocketImpl.java:206) ~[?:1.8.0_332]
	at java.net.AbstractPlainSocketImpl.connect(AbstractPlainSocketImpl.java:188) ~[?:1.8.0_332]
	at java.net.SocksSocketImpl.connect(SocksSocketImpl.java:392) ~[?:1.8.0_332]
	at java.net.Socket.connect(Socket.java:607) ~[?:1.8.0_332]
	at java.net.Socket.connect(Socket.java:556) ~[?:1.8.0_332]
	at java.net.Socket.<init>(Socket.java:452) ~[?:1.8.0_332]
	at java.net.Socket.<init>(Socket.java:229) ~[?:1.8.0_332]
	at sun.rmi.transport.proxy.RMIDirectSocketFactory.createSocket(RMIDirectSocketFactory.java:40) ~[?:1.8.0_332]
	at sun.rmi.transport.proxy.RMIMasterSocketFactory.createSocket(RMIMasterSocketFactory.java:148) ~[?:1.8.0_332]
	at sun.rmi.transport.tcp.TCPEndpoint.newSocket(TCPEndpoint.java:617) ~[?:1.8.0_332]
	... 10 more
2022-07-07 13:51:37,356 ERROR [StandardJMeterEngine] o.a.j.s.RemoteTestListenerWrapper []: Exception on testStarted on host 172.23.176.134:1099
java.rmi.ConnectIOException: Exception creating connection to: 172.23.176.163; nested exception is: 
	java.net.NoRouteToHostException: No route to host (Host unreachable)
	at sun.rmi.transport.tcp.TCPEndpoint.newSocket(TCPEndpoint.java:635) ~[?:1.8.0_332]
	at sun.rmi.transport.tcp.TCPChannel.createConnection(TCPChannel.java:216) ~[?:1.8.0_332]
	at sun.rmi.transport.tcp.TCPChannel.newConnection(TCPChannel.java:202) ~[?:1.8.0_332]
	at sun.rmi.server.UnicastRef.invoke(UnicastRef.java:132) ~[?:1.8.0_332]
	at java.rmi.server.RemoteObjectInvocationHandler.invokeRemoteMethod(RemoteObjectInvocationHandler.java:235) ~[?:1.8.0_332]
	at java.rmi.server.RemoteObjectInvocationHandler.invoke(RemoteObjectInvocationHandler.java:180) ~[?:1.8.0_332]
	at com.sun.proxy.$Proxy20.testStarted(Unknown Source) ~[?:?]
	at org.apache.jmeter.samplers.RemoteTestListenerWrapper.testStarted(RemoteTestListenerWrapper.java:68) [ApacheJMeter_core.jar:5.4.3]
	at org.apache.jmeter.engine.StandardJMeterEngine.notifyTestListenersOfStart(StandardJMeterEngine.java:207) [ApacheJMeter_core.jar:5.4.3]
	at org.apache.jmeter.engine.StandardJMeterEngine.run(StandardJMeterEngine.java:382) [ApacheJMeter_core.jar:5.4.3]
	at java.lang.Thread.run(Thread.java:750) [?:1.8.0_332]
Caused by: java.net.NoRouteToHostException: No route to host (Host unreachable)
	at java.net.PlainSocketImpl.socketConnect(Native Method) ~[?:1.8.0_332]
	at java.net.AbstractPlainSocketImpl.doConnect(AbstractPlainSocketImpl.java:350) ~[?:1.8.0_332]
	at java.net.AbstractPlainSocketImpl.connectToAddress(AbstractPlainSocketImpl.java:206) ~[?:1.8.0_332]
	at java.net.AbstractPlainSocketImpl.connect(AbstractPlainSocketImpl.java:188) ~[?:1.8.0_332]
	at java.net.SocksSocketImpl.connect(SocksSocketImpl.java:392) ~[?:1.8.0_332]
	at java.net.Socket.connect(Socket.java:607) ~[?:1.8.0_332]
	at java.net.Socket.connect(Socket.java:556) ~[?:1.8.0_332]
	at java.net.Socket.<init>(Socket.java:452) ~[?:1.8.0_332]
	at java.net.Socket.<init>(Socket.java:229) ~[?:1.8.0_332]
	at sun.rmi.transport.proxy.RMIDirectSocketFactory.createSocket(RMIDirectSocketFactory.java:40) ~[?:1.8.0_332]
	at sun.rmi.transport.proxy.RMIMasterSocketFactory.createSocket(RMIMasterSocketFactory.java:148) ~[?:1.8.0_332]
	at sun.rmi.transport.tcp.TCPEndpoint.newSocket(TCPEndpoint.java:617) ~[?:1.8.0_332]
	... 10 more
2022-07-07 13:51:37,434 INFO [StandardJMeterEngine] o.a.j.e.StandardJMeterEngine []: Starting ThreadGroup: 1 : TS2-Load testing
2022-07-07 13:51:37,434 INFO [StandardJMeterEngine] o.a.j.e.StandardJMeterEngine []: Starting 1 threads for group TS2-Load testing.
2022-07-07 13:51:37,434 INFO [StandardJMeterEngine] o.a.j.e.StandardJMeterEngine []: Thread will continue on error
2022-07-07 13:51:37,434 INFO [StandardJMeterEngine] o.a.j.t.ThreadGroup []: Starting thread group... number=1 threads=1 ramp-up=1 delayedStart=false
2022-07-07 13:51:37,438 INFO [StandardJMeterEngine] o.a.j.c.IncludeController []: loadIncludedElements -- try to load included module: /home/ssamoilic/JMT/bin/JMXfiles\Add_to_cart_Test_fragment.jmx
2022-07-07 13:51:37,438 INFO [StandardJMeterEngine] o.a.j.c.IncludeController []: loadIncludedElements -failed for: /home/ssamoilic/JMT/bin/JMXfiles\Add_to_cart_Test_fragment.jmx
2022-07-07 13:51:37,438 INFO [StandardJMeterEngine] o.a.j.c.IncludeController []: loadIncludedElements -Attempting to read it from: /home/ssamoilic/JMT/bin/./JMXfiles\Add_to_cart_Test_fragment.jmx
2022-07-07 13:51:37,438 ERROR [StandardJMeterEngine] o.a.j.c.IncludeController []: Include Controller 'GoToCategoty_and_AddToCart${count}' can't load 'JMXfiles\Add_to_cart_Test_fragment.jmx' - see log for details
2022-07-07 13:51:37,438 ERROR [StandardJMeterEngine] o.a.j.u.JMeterUtils []: Including file "JMXfiles\Add_to_cart_Test_fragment.jmx" failed for Include Controller "GoToCategoty_and_AddToCart${count}", unexpected error - see log for details
2022-07-07 13:51:37,439 WARN [StandardJMeterEngine] o.a.j.c.IncludeController []: Including file "JMXfiles\Add_to_cart_Test_fragment.jmx" failed for Include Controller "GoToCategoty_and_AddToCart${count}", unexpected error
java.io.IOException: loadIncludedElements -failed for: /home/ssamoilic/JMT/bin/JMXfiles\Add_to_cart_Test_fragment.jmx and /home/ssamoilic/JMT/bin/./JMXfiles\Add_to_cart_Test_fragment.jmx
	at org.apache.jmeter.control.IncludeController.loadIncludedElements(IncludeController.java:138) [ApacheJMeter_components.jar:5.4.3]
	at org.apache.jmeter.control.IncludeController.resolveReplacementSubTree(IncludeController.java:110) [ApacheJMeter_components.jar:5.4.3]
	at org.apache.jmeter.control.IncludeController.clone(IncludeController.java:63) [ApacheJMeter_components.jar:5.4.3]
	at org.apache.jmeter.engine.TreeCloner.addNodeToTree(TreeCloner.java:76) [ApacheJMeter_core.jar:5.4.3]
	at org.apache.jmeter.engine.TreeCloner.addNode(TreeCloner.java:63) [ApacheJMeter_core.jar:5.4.3]
	at org.apache.jorphan.collections.HashTree.traverseInto(HashTree.java:993) [jorphan.jar:5.4.3]
	at org.apache.jorphan.collections.HashTree.traverseInto(HashTree.java:994) [jorphan.jar:5.4.3]
	at org.apache.jorphan.collections.HashTree.traverse(HashTree.java:976) [jorphan.jar:5.4.3]
	at org.apache.jmeter.threads.ThreadGroup.cloneTree(ThreadGroup.java:535) [ApacheJMeter_core.jar:5.4.3]
	at org.apache.jmeter.threads.ThreadGroup.makeThread(ThreadGroup.java:310) [ApacheJMeter_core.jar:5.4.3]
	at org.apache.jmeter.threads.ThreadGroup.startNewThread(ThreadGroup.java:265) [ApacheJMeter_core.jar:5.4.3]
	at org.apache.jmeter.threads.ThreadGroup.start(ThreadGroup.java:244) [ApacheJMeter_core.jar:5.4.3]
	at org.apache.jmeter.engine.StandardJMeterEngine.startThreadGroup(StandardJMeterEngine.java:527) [ApacheJMeter_core.jar:5.4.3]
	at org.apache.jmeter.engine.StandardJMeterEngine.run(StandardJMeterEngine.java:452) [ApacheJMeter_core.jar:5.4.3]
	at java.lang.Thread.run(Thread.java:750) [?:1.8.0_332]
2022-07-07 13:51:37,439 INFO [StandardJMeterEngine] o.a.j.c.IncludeController []: loadIncludedElements -- try to load included module: /home/ssamoilic/JMT/bin/JMXfiles\SC2,Step2.6-2.7_While_delete_all.jmx
2022-07-07 13:51:37,439 INFO [StandardJMeterEngine] o.a.j.c.IncludeController []: loadIncludedElements -failed for: /home/ssamoilic/JMT/bin/JMXfiles\SC2,Step2.6-2.7_While_delete_all.jmx
2022-07-07 13:51:37,439 INFO [StandardJMeterEngine] o.a.j.c.IncludeController []: loadIncludedElements -Attempting to read it from: /home/ssamoilic/JMT/bin/./JMXfiles\SC2,Step2.6-2.7_While_delete_all.jmx
2022-07-07 13:51:37,439 ERROR [StandardJMeterEngine] o.a.j.c.IncludeController []: Include Controller 'IC-Delete_all_products' can't load 'JMXfiles\SC2,Step2.6-2.7_While_delete_all.jmx' - see log for details
2022-07-07 13:51:37,440 ERROR [StandardJMeterEngine] o.a.j.u.JMeterUtils []: Including file "JMXfiles\SC2,Step2.6-2.7_While_delete_all.jmx" failed for Include Controller "IC-Delete_all_products", unexpected error - see log for details
2022-07-07 13:51:37,440 WARN [StandardJMeterEngine] o.a.j.c.IncludeController []: Including file "JMXfiles\SC2,Step2.6-2.7_While_delete_all.jmx" failed for Include Controller "IC-Delete_all_products", unexpected error
java.io.IOException: loadIncludedElements -failed for: /home/ssamoilic/JMT/bin/JMXfiles\SC2,Step2.6-2.7_While_delete_all.jmx and /home/ssamoilic/JMT/bin/./JMXfiles\SC2,Step2.6-2.7_While_delete_all.jmx
	at org.apache.jmeter.control.IncludeController.loadIncludedElements(IncludeController.java:138) [ApacheJMeter_components.jar:5.4.3]
	at org.apache.jmeter.control.IncludeController.resolveReplacementSubTree(IncludeController.java:110) [ApacheJMeter_components.jar:5.4.3]
	at org.apache.jmeter.control.IncludeController.clone(IncludeController.java:63) [ApacheJMeter_components.jar:5.4.3]
	at org.apache.jmeter.engine.TreeCloner.addNodeToTree(TreeCloner.java:76) [ApacheJMeter_core.jar:5.4.3]
	at org.apache.jmeter.engine.TreeCloner.addNode(TreeCloner.java:63) [ApacheJMeter_core.jar:5.4.3]
	at org.apache.jorphan.collections.HashTree.traverseInto(HashTree.java:993) [jorphan.jar:5.4.3]
	at org.apache.jorphan.collections.HashTree.traverse(HashTree.java:976) [jorphan.jar:5.4.3]
	at org.apache.jmeter.threads.ThreadGroup.cloneTree(ThreadGroup.java:535) [ApacheJMeter_core.jar:5.4.3]
	at org.apache.jmeter.threads.ThreadGroup.makeThread(ThreadGroup.java:310) [ApacheJMeter_core.jar:5.4.3]
	at org.apache.jmeter.threads.ThreadGroup.startNewThread(ThreadGroup.java:265) [ApacheJMeter_core.jar:5.4.3]
	at org.apache.jmeter.threads.ThreadGroup.start(ThreadGroup.java:244) [ApacheJMeter_core.jar:5.4.3]
	at org.apache.jmeter.engine.StandardJMeterEngine.startThreadGroup(StandardJMeterEngine.java:527) [ApacheJMeter_core.jar:5.4.3]
	at org.apache.jmeter.engine.StandardJMeterEngine.run(StandardJMeterEngine.java:452) [ApacheJMeter_core.jar:5.4.3]
	at java.lang.Thread.run(Thread.java:750) [?:1.8.0_332]
2022-07-07 13:51:37,446 INFO [StandardJMeterEngine] o.a.j.t.ThreadGroup []: Started thread group number 1
2022-07-07 13:51:37,446 INFO [StandardJMeterEngine] o.a.j.e.StandardJMeterEngine []: All thread groups have been started
2022-07-07 13:51:37,454 INFO [172.23.176.134:1099-TS2-Load testing 1-1] o.a.j.t.JMeterThread []: Thread started: 172.23.176.134:1099-TS2-Load testing 1-1
2022-07-07 13:51:40,467 ERROR [172.23.176.134:1099-TS2-Load testing 1-1] o.a.j.t.RemoteThreadsListenerWrapper []: Exception invoking listener on threadStarted.
java.rmi.ConnectIOException: Exception creating connection to: 172.23.176.163; nested exception is: 
	java.net.NoRouteToHostException: No route to host (Host unreachable)
	at sun.rmi.transport.tcp.TCPEndpoint.newSocket(TCPEndpoint.java:635) ~[?:1.8.0_332]
	at sun.rmi.transport.tcp.TCPChannel.createConnection(TCPChannel.java:216) ~[?:1.8.0_332]
	at sun.rmi.transport.tcp.TCPChannel.newConnection(TCPChannel.java:202) ~[?:1.8.0_332]
	at sun.rmi.server.UnicastRef.invoke(UnicastRef.java:132) ~[?:1.8.0_332]
	at java.rmi.server.RemoteObjectInvocationHandler.invokeRemoteMethod(RemoteObjectInvocationHandler.java:235) ~[?:1.8.0_332]
	at java.rmi.server.RemoteObjectInvocationHandler.invoke(RemoteObjectInvocationHandler.java:180) ~[?:1.8.0_332]
	at com.sun.proxy.$Proxy22.threadStarted(Unknown Source) ~[?:?]
	at org.apache.jmeter.threads.RemoteThreadsListenerWrapper.threadStarted(RemoteThreadsListenerWrapper.java:51) [ApacheJMeter_core.jar:5.4.3]
	at org.apache.jmeter.threads.JMeterThread$ThreadListenerTraverser.addNode(JMeterThread.java:784) [ApacheJMeter_core.jar:5.4.3]
	at org.apache.jorphan.collections.HashTree.traverseInto(HashTree.java:993) [jorphan.jar:5.4.3]
	at org.apache.jorphan.collections.HashTree.traverse(HashTree.java:976) [jorphan.jar:5.4.3]
	at org.apache.jmeter.threads.JMeterThread.threadStarted(JMeterThread.java:752) [ApacheJMeter_core.jar:5.4.3]
	at org.apache.jmeter.threads.JMeterThread.initRun(JMeterThread.java:740) [ApacheJMeter_core.jar:5.4.3]
	at org.apache.jmeter.threads.JMeterThread.run(JMeterThread.java:252) [ApacheJMeter_core.jar:5.4.3]
	at java.lang.Thread.run(Thread.java:750) [?:1.8.0_332]
Caused by: java.net.NoRouteToHostException: No route to host (Host unreachable)
	at java.net.PlainSocketImpl.socketConnect(Native Method) ~[?:1.8.0_332]
	at java.net.AbstractPlainSocketImpl.doConnect(AbstractPlainSocketImpl.java:350) ~[?:1.8.0_332]
	at java.net.AbstractPlainSocketImpl.connectToAddress(AbstractPlainSocketImpl.java:206) ~[?:1.8.0_332]
	at java.net.AbstractPlainSocketImpl.connect(AbstractPlainSocketImpl.java:188) ~[?:1.8.0_332]
	at java.net.SocksSocketImpl.connect(SocksSocketImpl.java:392) ~[?:1.8.0_332]
	at java.net.Socket.connect(Socket.java:607) ~[?:1.8.0_332]
	at java.net.Socket.connect(Socket.java:556) ~[?:1.8.0_332]
	at java.net.Socket.<init>(Socket.java:452) ~[?:1.8.0_332]
	at java.net.Socket.<init>(Socket.java:229) ~[?:1.8.0_332]
	at sun.rmi.transport.proxy.RMIDirectSocketFactory.createSocket(RMIDirectSocketFactory.java:40) ~[?:1.8.0_332]
	at sun.rmi.transport.proxy.RMIMasterSocketFactory.createSocket(RMIMasterSocketFactory.java:148) ~[?:1.8.0_332]
	at sun.rmi.transport.tcp.TCPEndpoint.newSocket(TCPEndpoint.java:617) ~[?:1.8.0_332]
	... 14 more
2022-07-07 13:51:40,924 INFO [172.23.176.134:1099-TS2-Load testing 1-1] o.a.j.p.h.s.HTTPHCAbstractImpl []: Local host = localhost.localdomain
2022-07-07 13:51:40,934 INFO [172.23.176.134:1099-TS2-Load testing 1-1] o.a.j.p.h.s.HTTPHC4Impl []: HTTP request retry count = 0
2022-07-07 13:51:40,958 INFO [172.23.176.134:1099-TS2-Load testing 1-1] o.a.j.s.SampleResult []: Note: Sample TimeStamps are START times
2022-07-07 13:51:40,958 INFO [172.23.176.134:1099-TS2-Load testing 1-1] o.a.j.s.SampleResult []: sampleresult.default.encoding is set to ISO-8859-1
2022-07-07 13:51:40,958 INFO [172.23.176.134:1099-TS2-Load testing 1-1] o.a.j.s.SampleResult []: sampleresult.useNanoTime=true
2022-07-07 13:51:40,959 INFO [172.23.176.134:1099-TS2-Load testing 1-1] o.a.j.s.SampleResult []: sampleresult.nanoThreadSleep=5000
2022-07-07 13:51:41,722 ERROR [172.23.176.134:1099-TS2-Load testing 1-1] o.a.j.s.BatchSampleSender []: sampleOccurred
java.rmi.ConnectIOException: Exception creating connection to: 172.23.176.163; nested exception is: 
	java.net.NoRouteToHostException: No route to host (Host unreachable)
	at sun.rmi.transport.tcp.TCPEndpoint.newSocket(TCPEndpoint.java:635) ~[?:1.8.0_332]
	at sun.rmi.transport.tcp.TCPChannel.createConnection(TCPChannel.java:216) ~[?:1.8.0_332]
	at sun.rmi.transport.tcp.TCPChannel.newConnection(TCPChannel.java:202) ~[?:1.8.0_332]
	at sun.rmi.server.UnicastRef.invoke(UnicastRef.java:132) ~[?:1.8.0_332]
	at java.rmi.server.RemoteObjectInvocationHandler.invokeRemoteMethod(RemoteObjectInvocationHandler.java:235) ~[?:1.8.0_332]
	at java.rmi.server.RemoteObjectInvocationHandler.invoke(RemoteObjectInvocationHandler.java:180) ~[?:1.8.0_332]
	at com.sun.proxy.$Proxy20.processBatch(Unknown Source) ~[?:?]
	at org.apache.jmeter.samplers.BatchSampleSender.sampleOccurred(BatchSampleSender.java:182) [ApacheJMeter_core.jar:5.4.3]
	at org.apache.jmeter.samplers.DataStrippingSampleSender.sampleOccurred(DataStrippingSampleSender.java:106) [ApacheJMeter_core.jar:5.4.3]
	at org.apache.jmeter.samplers.RemoteListenerWrapper.sampleOccurred(RemoteListenerWrapper.java:94) [ApacheJMeter_core.jar:5.4.3]
	at org.apache.jmeter.threads.ListenerNotifier.notifyListeners(ListenerNotifier.java:58) [ApacheJMeter_core.jar:5.4.3]
	at org.apache.jmeter.threads.JMeterThread.notifyListeners(JMeterThread.java:1024) [ApacheJMeter_core.jar:5.4.3]
	at org.apache.jmeter.threads.JMeterThread.executeSamplePackage(JMeterThread.java:579) [ApacheJMeter_core.jar:5.4.3]
	at org.apache.jmeter.threads.JMeterThread.processSampler(JMeterThread.java:489) [ApacheJMeter_core.jar:5.4.3]
	at org.apache.jmeter.threads.JMeterThread.run(JMeterThread.java:256) [ApacheJMeter_core.jar:5.4.3]
	at java.lang.Thread.run(Thread.java:750) [?:1.8.0_332]
Caused by: java.net.NoRouteToHostException: No route to host (Host unreachable)
	at java.net.PlainSocketImpl.socketConnect(Native Method) ~[?:1.8.0_332]
	at java.net.AbstractPlainSocketImpl.doConnect(AbstractPlainSocketImpl.java:350) ~[?:1.8.0_332]
	at java.net.AbstractPlainSocketImpl.connectToAddress(AbstractPlainSocketImpl.java:206) ~[?:1.8.0_332]
	at java.net.AbstractPlainSocketImpl.connect(AbstractPlainSocketImpl.java:188) ~[?:1.8.0_332]
	at java.net.SocksSocketImpl.connect(SocksSocketImpl.java:392) ~[?:1.8.0_332]
	at java.net.Socket.connect(Socket.java:607) ~[?:1.8.0_332]
	at java.net.Socket.connect(Socket.java:556) ~[?:1.8.0_332]
	at java.net.Socket.<init>(Socket.java:452) ~[?:1.8.0_332]
	at java.net.Socket.<init>(Socket.java:229) ~[?:1.8.0_332]
	at sun.rmi.transport.proxy.RMIDirectSocketFactory.createSocket(RMIDirectSocketFactory.java:40) ~[?:1.8.0_332]
	at sun.rmi.transport.proxy.RMIMasterSocketFactory.createSocket(RMIMasterSocketFactory.java:148) ~[?:1.8.0_332]
	at sun.rmi.transport.tcp.TCPEndpoint.newSocket(TCPEndpoint.java:617) ~[?:1.8.0_332]
	... 15 more
2022-07-07 13:51:41,725 ERROR [172.23.176.134:1099-TS2-Load testing 1-1] o.a.j.s.BatchSampleSender []: sampleOccurred
java.rmi.ConnectIOException: Exception creating connection to: 172.23.176.163; nested exception is: 
	java.net.NoRouteToHostException: No route to host (Host unreachable)
	at sun.rmi.transport.tcp.TCPEndpoint.newSocket(TCPEndpoint.java:635) ~[?:1.8.0_332]
	at sun.rmi.transport.tcp.TCPChannel.createConnection(TCPChannel.java:216) ~[?:1.8.0_332]
	at sun.rmi.transport.tcp.TCPChannel.newConnection(TCPChannel.java:202) ~[?:1.8.0_332]
	at sun.rmi.server.UnicastRef.invoke(UnicastRef.java:132) ~[?:1.8.0_332]
	at java.rmi.server.RemoteObjectInvocationHandler.invokeRemoteMethod(RemoteObjectInvocationHandler.java:235) ~[?:1.8.0_332]
	at java.rmi.server.RemoteObjectInvocationHandler.invoke(RemoteObjectInvocationHandler.java:180) ~[?:1.8.0_332]
	at com.sun.proxy.$Proxy20.processBatch(Unknown Source) ~[?:?]
	at org.apache.jmeter.samplers.BatchSampleSender.sampleOccurred(BatchSampleSender.java:182) [ApacheJMeter_core.jar:5.4.3]
	at org.apache.jmeter.samplers.DataStrippingSampleSender.sampleOccurred(DataStrippingSampleSender.java:106) [ApacheJMeter_core.jar:5.4.3]
	at org.apache.jmeter.samplers.RemoteListenerWrapper.sampleOccurred(RemoteListenerWrapper.java:94) [ApacheJMeter_core.jar:5.4.3]
	at org.apache.jmeter.threads.ListenerNotifier.notifyListeners(ListenerNotifier.java:58) [ApacheJMeter_core.jar:5.4.3]
	at org.apache.jmeter.threads.JMeterThread.notifyListeners(JMeterThread.java:1024) [ApacheJMeter_core.jar:5.4.3]
	at org.apache.jmeter.threads.JMeterThread.executeSamplePackage(JMeterThread.java:579) [ApacheJMeter_core.jar:5.4.3]
	at org.apache.jmeter.threads.JMeterThread.processSampler(JMeterThread.java:489) [ApacheJMeter_core.jar:5.4.3]
	at org.apache.jmeter.threads.JMeterThread.run(JMeterThread.java:256) [ApacheJMeter_core.jar:5.4.3]
	at java.lang.Thread.run(Thread.java:750) [?:1.8.0_332]
Caused by: java.net.NoRouteToHostException: No route to host (Host unreachable)
	at java.net.PlainSocketImpl.socketConnect(Native Method) ~[?:1.8.0_332]
	at java.net.AbstractPlainSocketImpl.doConnect(AbstractPlainSocketImpl.java:350) ~[?:1.8.0_332]
	at java.net.AbstractPlainSocketImpl.connectToAddress(AbstractPlainSocketImpl.java:206) ~[?:1.8.0_332]
	at java.net.AbstractPlainSocketImpl.connect(AbstractPlainSocketImpl.java:188) ~[?:1.8.0_332]
	at java.net.SocksSocketImpl.connect(SocksSocketImpl.java:392) ~[?:1.8.0_332]
	at java.net.Socket.connect(Socket.java:607) ~[?:1.8.0_332]
	at java.net.Socket.connect(Socket.java:556) ~[?:1.8.0_332]
	at java.net.Socket.<init>(Socket.java:452) ~[?:1.8.0_332]
	at java.net.Socket.<init>(Socket.java:229) ~[?:1.8.0_332]
	at sun.rmi.transport.proxy.RMIDirectSocketFactory.createSocket(RMIDirectSocketFactory.java:40) ~[?:1.8.0_332]
	at sun.rmi.transport.proxy.RMIMasterSocketFactory.createSocket(RMIMasterSocketFactory.java:148) ~[?:1.8.0_332]
	at sun.rmi.transport.tcp.TCPEndpoint.newSocket(TCPEndpoint.java:617) ~[?:1.8.0_332]
	... 15 more
2022-07-07 13:51:42,728 ERROR [172.23.176.134:1099-TS2-Load testing 1-1] o.a.j.s.BatchSampleSender []: sampleOccurred
java.rmi.ConnectIOException: Exception creating connection to: 172.23.176.163; nested exception is: 
	java.net.NoRouteToHostException: No route to host (Host unreachable)
	at sun.rmi.transport.tcp.TCPEndpoint.newSocket(TCPEndpoint.java:635) ~[?:1.8.0_332]
	at sun.rmi.transport.tcp.TCPChannel.createConnection(TCPChannel.java:216) ~[?:1.8.0_332]
	at sun.rmi.transport.tcp.TCPChannel.newConnection(TCPChannel.java:202) ~[?:1.8.0_332]
	at sun.rmi.server.UnicastRef.invoke(UnicastRef.java:132) ~[?:1.8.0_332]
	at java.rmi.server.RemoteObjectInvocationHandler.invokeRemoteMethod(RemoteObjectInvocationHandler.java:235) ~[?:1.8.0_332]
	at java.rmi.server.RemoteObjectInvocationHandler.invoke(RemoteObjectInvocationHandler.java:180) ~[?:1.8.0_332]
	at com.sun.proxy.$Proxy20.processBatch(Unknown Source) ~[?:?]
	at org.apache.jmeter.samplers.BatchSampleSender.sampleOccurred(BatchSampleSender.java:182) [ApacheJMeter_core.jar:5.4.3]
	at org.apache.jmeter.samplers.DataStrippingSampleSender.sampleOccurred(DataStrippingSampleSender.java:106) [ApacheJMeter_core.jar:5.4.3]
	at org.apache.jmeter.samplers.RemoteListenerWrapper.sampleOccurred(RemoteListenerWrapper.java:94) [ApacheJMeter_core.jar:5.4.3]
	at org.apache.jmeter.threads.ListenerNotifier.notifyListeners(ListenerNotifier.java:58) [ApacheJMeter_core.jar:5.4.3]
	at org.apache.jmeter.threads.JMeterThread.notifyListeners(JMeterThread.java:1024) [ApacheJMeter_core.jar:5.4.3]
	at org.apache.jmeter.threads.JMeterThread.executeSamplePackage(JMeterThread.java:579) [ApacheJMeter_core.jar:5.4.3]
	at org.apache.jmeter.threads.JMeterThread.processSampler(JMeterThread.java:489) [ApacheJMeter_core.jar:5.4.3]
	at org.apache.jmeter.threads.JMeterThread.run(JMeterThread.java:256) [ApacheJMeter_core.jar:5.4.3]
	at java.lang.Thread.run(Thread.java:750) [?:1.8.0_332]
Caused by: java.net.NoRouteToHostException: No route to host (Host unreachable)
	at java.net.PlainSocketImpl.socketConnect(Native Method) ~[?:1.8.0_332]
	at java.net.AbstractPlainSocketImpl.doConnect(AbstractPlainSocketImpl.java:350) ~[?:1.8.0_332]
	at java.net.AbstractPlainSocketImpl.connectToAddress(AbstractPlainSocketImpl.java:206) ~[?:1.8.0_332]
	at java.net.AbstractPlainSocketImpl.connect(AbstractPlainSocketImpl.java:188) ~[?:1.8.0_332]
	at java.net.SocksSocketImpl.connect(SocksSocketImpl.java:392) ~[?:1.8.0_332]
	at java.net.Socket.connect(Socket.java:607) ~[?:1.8.0_332]
	at java.net.Socket.connect(Socket.java:556) ~[?:1.8.0_332]
	at java.net.Socket.<init>(Socket.java:452) ~[?:1.8.0_332]
	at java.net.Socket.<init>(Socket.java:229) ~[?:1.8.0_332]
	at sun.rmi.transport.proxy.RMIDirectSocketFactory.createSocket(RMIDirectSocketFactory.java:40) ~[?:1.8.0_332]
	at sun.rmi.transport.proxy.RMIMasterSocketFactory.createSocket(RMIMasterSocketFactory.java:148) ~[?:1.8.0_332]
	at sun.rmi.transport.tcp.TCPEndpoint.newSocket(TCPEndpoint.java:617) ~[?:1.8.0_332]
	... 15 more
2022-07-07 13:51:42,756 INFO [172.23.176.134:1099-TS2-Load testing 1-1] o.a.j.t.JMeterThread []: Thread is done: 172.23.176.134:1099-TS2-Load testing 1-1
2022-07-07 13:51:42,756 INFO [172.23.176.134:1099-TS2-Load testing 1-1] o.a.j.t.JMeterThread []: Thread finished: 172.23.176.134:1099-TS2-Load testing 1-1
2022-07-07 13:51:43,761 ERROR [172.23.176.134:1099-TS2-Load testing 1-1] o.a.j.t.RemoteThreadsListenerWrapper []: Exception invoking listener on threadFinished.
java.rmi.ConnectIOException: Exception creating connection to: 172.23.176.163; nested exception is: 
	java.net.NoRouteToHostException: No route to host (Host unreachable)
	at sun.rmi.transport.tcp.TCPEndpoint.newSocket(TCPEndpoint.java:635) ~[?:1.8.0_332]
	at sun.rmi.transport.tcp.TCPChannel.createConnection(TCPChannel.java:216) ~[?:1.8.0_332]
	at sun.rmi.transport.tcp.TCPChannel.newConnection(TCPChannel.java:202) ~[?:1.8.0_332]
	at sun.rmi.server.UnicastRef.invoke(UnicastRef.java:132) ~[?:1.8.0_332]
	at java.rmi.server.RemoteObjectInvocationHandler.invokeRemoteMethod(RemoteObjectInvocationHandler.java:235) ~[?:1.8.0_332]
	at java.rmi.server.RemoteObjectInvocationHandler.invoke(RemoteObjectInvocationHandler.java:180) ~[?:1.8.0_332]
	at com.sun.proxy.$Proxy22.threadFinished(Unknown Source) ~[?:?]
	at org.apache.jmeter.threads.RemoteThreadsListenerWrapper.threadFinished(RemoteThreadsListenerWrapper.java:60) [ApacheJMeter_core.jar:5.4.3]
	at org.apache.jmeter.threads.JMeterThread$ThreadListenerTraverser.addNode(JMeterThread.java:790) [ApacheJMeter_core.jar:5.4.3]
	at org.apache.jorphan.collections.HashTree.traverseInto(HashTree.java:993) [jorphan.jar:5.4.3]
	at org.apache.jorphan.collections.HashTree.traverse(HashTree.java:976) [jorphan.jar:5.4.3]
	at org.apache.jmeter.threads.JMeterThread.threadFinished(JMeterThread.java:757) [ApacheJMeter_core.jar:5.4.3]
	at org.apache.jmeter.threads.JMeterThread.run(JMeterThread.java:328) [ApacheJMeter_core.jar:5.4.3]
	at java.lang.Thread.run(Thread.java:750) [?:1.8.0_332]
Caused by: java.net.NoRouteToHostException: No route to host (Host unreachable)
	at java.net.PlainSocketImpl.socketConnect(Native Method) ~[?:1.8.0_332]
	at java.net.AbstractPlainSocketImpl.doConnect(AbstractPlainSocketImpl.java:350) ~[?:1.8.0_332]
	at java.net.AbstractPlainSocketImpl.connectToAddress(AbstractPlainSocketImpl.java:206) ~[?:1.8.0_332]
	at java.net.AbstractPlainSocketImpl.connect(AbstractPlainSocketImpl.java:188) ~[?:1.8.0_332]
	at java.net.SocksSocketImpl.connect(SocksSocketImpl.java:392) ~[?:1.8.0_332]
	at java.net.Socket.connect(Socket.java:607) ~[?:1.8.0_332]
	at java.net.Socket.connect(Socket.java:556) ~[?:1.8.0_332]
	at java.net.Socket.<init>(Socket.java:452) ~[?:1.8.0_332]
	at java.net.Socket.<init>(Socket.java:229) ~[?:1.8.0_332]
	at sun.rmi.transport.proxy.RMIDirectSocketFactory.createSocket(RMIDirectSocketFactory.java:40) ~[?:1.8.0_332]
	at sun.rmi.transport.proxy.RMIMasterSocketFactory.createSocket(RMIMasterSocketFactory.java:148) ~[?:1.8.0_332]
	at sun.rmi.transport.tcp.TCPEndpoint.newSocket(TCPEndpoint.java:617) ~[?:1.8.0_332]
	... 13 more
2022-07-07 13:51:43,766 INFO [StandardJMeterEngine] o.a.j.e.StandardJMeterEngine []: Notifying test listeners of end of test
2022-07-07 13:51:43,766 INFO [StandardJMeterEngine] o.a.j.s.DataStrippingSampleSender []: Test Ended on 172.23.176.134:1099
2022-07-07 13:51:43,766 INFO [StandardJMeterEngine] o.a.j.s.BatchSampleSender []: Test Ended on 172.23.176.134:1099
2022-07-07 13:51:44,771 ERROR [StandardJMeterEngine] o.a.j.s.BatchSampleSender []: testEnded(host)
java.rmi.ConnectIOException: Exception creating connection to: 172.23.176.163; nested exception is: 
	java.net.NoRouteToHostException: No route to host (Host unreachable)
	at sun.rmi.transport.tcp.TCPEndpoint.newSocket(TCPEndpoint.java:635) ~[?:1.8.0_332]
	at sun.rmi.transport.tcp.TCPChannel.createConnection(TCPChannel.java:216) ~[?:1.8.0_332]
	at sun.rmi.transport.tcp.TCPChannel.newConnection(TCPChannel.java:202) ~[?:1.8.0_332]
	at sun.rmi.server.UnicastRef.invoke(UnicastRef.java:132) ~[?:1.8.0_332]
	at java.rmi.server.RemoteObjectInvocationHandler.invokeRemoteMethod(RemoteObjectInvocationHandler.java:235) ~[?:1.8.0_332]
	at java.rmi.server.RemoteObjectInvocationHandler.invoke(RemoteObjectInvocationHandler.java:180) ~[?:1.8.0_332]
	at com.sun.proxy.$Proxy20.testEnded(Unknown Source) ~[?:?]
	at org.apache.jmeter.samplers.BatchSampleSender.testEnded(BatchSampleSender.java:126) [ApacheJMeter_core.jar:5.4.3]
	at org.apache.jmeter.samplers.DataStrippingSampleSender.testEnded(DataStrippingSampleSender.java:85) [ApacheJMeter_core.jar:5.4.3]
	at org.apache.jmeter.samplers.RemoteListenerWrapper.testEnded(RemoteListenerWrapper.java:89) [ApacheJMeter_core.jar:5.4.3]
	at org.apache.jmeter.engine.StandardJMeterEngine.notifyTestListenersOfEnd(StandardJMeterEngine.java:220) [ApacheJMeter_core.jar:5.4.3]
	at org.apache.jmeter.engine.StandardJMeterEngine.run(StandardJMeterEngine.java:493) [ApacheJMeter_core.jar:5.4.3]
	at java.lang.Thread.run(Thread.java:750) [?:1.8.0_332]
Caused by: java.net.NoRouteToHostException: No route to host (Host unreachable)
	at java.net.PlainSocketImpl.socketConnect(Native Method) ~[?:1.8.0_332]
	at java.net.AbstractPlainSocketImpl.doConnect(AbstractPlainSocketImpl.java:350) ~[?:1.8.0_332]
	at java.net.AbstractPlainSocketImpl.connectToAddress(AbstractPlainSocketImpl.java:206) ~[?:1.8.0_332]
	at java.net.AbstractPlainSocketImpl.connect(AbstractPlainSocketImpl.java:188) ~[?:1.8.0_332]
	at java.net.SocksSocketImpl.connect(SocksSocketImpl.java:392) ~[?:1.8.0_332]
	at java.net.Socket.connect(Socket.java:607) ~[?:1.8.0_332]
	at java.net.Socket.connect(Socket.java:556) ~[?:1.8.0_332]
	at java.net.Socket.<init>(Socket.java:452) ~[?:1.8.0_332]
	at java.net.Socket.<init>(Socket.java:229) ~[?:1.8.0_332]
	at sun.rmi.transport.proxy.RMIDirectSocketFactory.createSocket(RMIDirectSocketFactory.java:40) ~[?:1.8.0_332]
	at sun.rmi.transport.proxy.RMIMasterSocketFactory.createSocket(RMIMasterSocketFactory.java:148) ~[?:1.8.0_332]
	at sun.rmi.transport.tcp.TCPEndpoint.newSocket(TCPEndpoint.java:617) ~[?:1.8.0_332]
	... 12 more
2022-07-07 13:51:44,774 INFO [StandardJMeterEngine] o.a.j.s.DataStrippingSampleSender []: Test Ended on 172.23.176.134:1099
2022-07-07 13:51:44,774 INFO [StandardJMeterEngine] o.a.j.s.BatchSampleSender []: Test Ended on 172.23.176.134:1099
2022-07-07 13:51:47,783 ERROR [StandardJMeterEngine] o.a.j.s.BatchSampleSender []: testEnded(host)
java.rmi.ConnectIOException: Exception creating connection to: 172.23.176.163; nested exception is: 
	java.net.NoRouteToHostException: No route to host (Host unreachable)
	at sun.rmi.transport.tcp.TCPEndpoint.newSocket(TCPEndpoint.java:635) ~[?:1.8.0_332]
	at sun.rmi.transport.tcp.TCPChannel.createConnection(TCPChannel.java:216) ~[?:1.8.0_332]
	at sun.rmi.transport.tcp.TCPChannel.newConnection(TCPChannel.java:202) ~[?:1.8.0_332]
	at sun.rmi.server.UnicastRef.invoke(UnicastRef.java:132) ~[?:1.8.0_332]
	at java.rmi.server.RemoteObjectInvocationHandler.invokeRemoteMethod(RemoteObjectInvocationHandler.java:235) ~[?:1.8.0_332]
	at java.rmi.server.RemoteObjectInvocationHandler.invoke(RemoteObjectInvocationHandler.java:180) ~[?:1.8.0_332]
	at com.sun.proxy.$Proxy20.testEnded(Unknown Source) ~[?:?]
	at org.apache.jmeter.samplers.BatchSampleSender.testEnded(BatchSampleSender.java:126) [ApacheJMeter_core.jar:5.4.3]
	at org.apache.jmeter.samplers.DataStrippingSampleSender.testEnded(DataStrippingSampleSender.java:85) [ApacheJMeter_core.jar:5.4.3]
	at org.apache.jmeter.samplers.RemoteListenerWrapper.testEnded(RemoteListenerWrapper.java:89) [ApacheJMeter_core.jar:5.4.3]
	at org.apache.jmeter.engine.StandardJMeterEngine.notifyTestListenersOfEnd(StandardJMeterEngine.java:220) [ApacheJMeter_core.jar:5.4.3]
	at org.apache.jmeter.engine.StandardJMeterEngine.run(StandardJMeterEngine.java:493) [ApacheJMeter_core.jar:5.4.3]
	at java.lang.Thread.run(Thread.java:750) [?:1.8.0_332]
Caused by: java.net.NoRouteToHostException: No route to host (Host unreachable)
	at java.net.PlainSocketImpl.socketConnect(Native Method) ~[?:1.8.0_332]
	at java.net.AbstractPlainSocketImpl.doConnect(AbstractPlainSocketImpl.java:350) ~[?:1.8.0_332]
	at java.net.AbstractPlainSocketImpl.connectToAddress(AbstractPlainSocketImpl.java:206) ~[?:1.8.0_332]
	at java.net.AbstractPlainSocketImpl.connect(AbstractPlainSocketImpl.java:188) ~[?:1.8.0_332]
	at java.net.SocksSocketImpl.connect(SocksSocketImpl.java:392) ~[?:1.8.0_332]
	at java.net.Socket.connect(Socket.java:607) ~[?:1.8.0_332]
	at java.net.Socket.connect(Socket.java:556) ~[?:1.8.0_332]
	at java.net.Socket.<init>(Socket.java:452) ~[?:1.8.0_332]
	at java.net.Socket.<init>(Socket.java:229) ~[?:1.8.0_332]
	at sun.rmi.transport.proxy.RMIDirectSocketFactory.createSocket(RMIDirectSocketFactory.java:40) ~[?:1.8.0_332]
	at sun.rmi.transport.proxy.RMIMasterSocketFactory.createSocket(RMIMasterSocketFactory.java:148) ~[?:1.8.0_332]
	at sun.rmi.transport.tcp.TCPEndpoint.newSocket(TCPEndpoint.java:617) ~[?:1.8.0_332]
	... 12 more
2022-07-07 13:51:47,784 INFO [StandardJMeterEngine] o.a.j.s.DataStrippingSampleSender []: Test Ended on 172.23.176.134:1099
2022-07-07 13:51:47,785 INFO [StandardJMeterEngine] o.a.j.s.BatchSampleSender []: Test Ended on 172.23.176.134:1099
2022-07-07 13:51:48,787 ERROR [StandardJMeterEngine] o.a.j.s.BatchSampleSender []: testEnded(host)
java.rmi.ConnectIOException: Exception creating connection to: 172.23.176.163; nested exception is: 
	java.net.NoRouteToHostException: No route to host (Host unreachable)
	at sun.rmi.transport.tcp.TCPEndpoint.newSocket(TCPEndpoint.java:635) ~[?:1.8.0_332]
	at sun.rmi.transport.tcp.TCPChannel.createConnection(TCPChannel.java:216) ~[?:1.8.0_332]
	at sun.rmi.transport.tcp.TCPChannel.newConnection(TCPChannel.java:202) ~[?:1.8.0_332]
	at sun.rmi.server.UnicastRef.invoke(UnicastRef.java:132) ~[?:1.8.0_332]
	at java.rmi.server.RemoteObjectInvocationHandler.invokeRemoteMethod(RemoteObjectInvocationHandler.java:235) ~[?:1.8.0_332]
	at java.rmi.server.RemoteObjectInvocationHandler.invoke(RemoteObjectInvocationHandler.java:180) ~[?:1.8.0_332]
	at com.sun.proxy.$Proxy20.testEnded(Unknown Source) ~[?:?]
	at org.apache.jmeter.samplers.BatchSampleSender.testEnded(BatchSampleSender.java:126) [ApacheJMeter_core.jar:5.4.3]
	at org.apache.jmeter.samplers.DataStrippingSampleSender.testEnded(DataStrippingSampleSender.java:85) [ApacheJMeter_core.jar:5.4.3]
	at org.apache.jmeter.samplers.RemoteListenerWrapper.testEnded(RemoteListenerWrapper.java:89) [ApacheJMeter_core.jar:5.4.3]
	at org.apache.jmeter.engine.StandardJMeterEngine.notifyTestListenersOfEnd(StandardJMeterEngine.java:220) [ApacheJMeter_core.jar:5.4.3]
	at org.apache.jmeter.engine.StandardJMeterEngine.run(StandardJMeterEngine.java:493) [ApacheJMeter_core.jar:5.4.3]
	at java.lang.Thread.run(Thread.java:750) [?:1.8.0_332]
Caused by: java.net.NoRouteToHostException: No route to host (Host unreachable)
	at java.net.PlainSocketImpl.socketConnect(Native Method) ~[?:1.8.0_332]
	at java.net.AbstractPlainSocketImpl.doConnect(AbstractPlainSocketImpl.java:350) ~[?:1.8.0_332]
	at java.net.AbstractPlainSocketImpl.connectToAddress(AbstractPlainSocketImpl.java:206) ~[?:1.8.0_332]
	at java.net.AbstractPlainSocketImpl.connect(AbstractPlainSocketImpl.java:188) ~[?:1.8.0_332]
	at java.net.SocksSocketImpl.connect(SocksSocketImpl.java:392) ~[?:1.8.0_332]
	at java.net.Socket.connect(Socket.java:607) ~[?:1.8.0_332]
	at java.net.Socket.connect(Socket.java:556) ~[?:1.8.0_332]
	at java.net.Socket.<init>(Socket.java:452) ~[?:1.8.0_332]
	at java.net.Socket.<init>(Socket.java:229) ~[?:1.8.0_332]
	at sun.rmi.transport.proxy.RMIDirectSocketFactory.createSocket(RMIDirectSocketFactory.java:40) ~[?:1.8.0_332]
	at sun.rmi.transport.proxy.RMIMasterSocketFactory.createSocket(RMIMasterSocketFactory.java:148) ~[?:1.8.0_332]
	at sun.rmi.transport.tcp.TCPEndpoint.newSocket(TCPEndpoint.java:617) ~[?:1.8.0_332]
	... 12 more
2022-07-07 13:51:49,791 ERROR [StandardJMeterEngine] o.a.j.s.RemoteTestListenerWrapper []: Exception on testEnded on host 172.23.176.134:1099
java.rmi.ConnectIOException: Exception creating connection to: 172.23.176.163; nested exception is: 
	java.net.NoRouteToHostException: No route to host (Host unreachable)
	at sun.rmi.transport.tcp.TCPEndpoint.newSocket(TCPEndpoint.java:635) ~[?:1.8.0_332]
	at sun.rmi.transport.tcp.TCPChannel.createConnection(TCPChannel.java:216) ~[?:1.8.0_332]
	at sun.rmi.transport.tcp.TCPChannel.newConnection(TCPChannel.java:202) ~[?:1.8.0_332]
	at sun.rmi.server.UnicastRef.invoke(UnicastRef.java:132) ~[?:1.8.0_332]
	at java.rmi.server.RemoteObjectInvocationHandler.invokeRemoteMethod(RemoteObjectInvocationHandler.java:235) ~[?:1.8.0_332]
	at java.rmi.server.RemoteObjectInvocationHandler.invoke(RemoteObjectInvocationHandler.java:180) ~[?:1.8.0_332]
	at com.sun.proxy.$Proxy20.testEnded(Unknown Source) ~[?:?]
	at org.apache.jmeter.samplers.RemoteTestListenerWrapper.testEnded(RemoteTestListenerWrapper.java:77) [ApacheJMeter_core.jar:5.4.3]
	at org.apache.jmeter.engine.StandardJMeterEngine.notifyTestListenersOfEnd(StandardJMeterEngine.java:220) [ApacheJMeter_core.jar:5.4.3]
	at org.apache.jmeter.engine.StandardJMeterEngine.run(StandardJMeterEngine.java:493) [ApacheJMeter_core.jar:5.4.3]
	at java.lang.Thread.run(Thread.java:750) [?:1.8.0_332]
Caused by: java.net.NoRouteToHostException: No route to host (Host unreachable)
	at java.net.PlainSocketImpl.socketConnect(Native Method) ~[?:1.8.0_332]
	at java.net.AbstractPlainSocketImpl.doConnect(AbstractPlainSocketImpl.java:350) ~[?:1.8.0_332]
	at java.net.AbstractPlainSocketImpl.connectToAddress(AbstractPlainSocketImpl.java:206) ~[?:1.8.0_332]
	at java.net.AbstractPlainSocketImpl.connect(AbstractPlainSocketImpl.java:188) ~[?:1.8.0_332]
	at java.net.SocksSocketImpl.connect(SocksSocketImpl.java:392) ~[?:1.8.0_332]
	at java.net.Socket.connect(Socket.java:607) ~[?:1.8.0_332]
	at java.net.Socket.connect(Socket.java:556) ~[?:1.8.0_332]
	at java.net.Socket.<init>(Socket.java:452) ~[?:1.8.0_332]
	at java.net.Socket.<init>(Socket.java:229) ~[?:1.8.0_332]
	at sun.rmi.transport.proxy.RMIDirectSocketFactory.createSocket(RMIDirectSocketFactory.java:40) ~[?:1.8.0_332]
	at sun.rmi.transport.proxy.RMIMasterSocketFactory.createSocket(RMIMasterSocketFactory.java:148) ~[?:1.8.0_332]
	at sun.rmi.transport.tcp.TCPEndpoint.newSocket(TCPEndpoint.java:617) ~[?:1.8.0_332]
	... 10 more
2022-07-07 13:51:49,792 INFO [StandardJMeterEngine] o.a.j.e.StandardJMeterEngine []: Test has ended on host 172.23.176.134:1099 
2022-07-07 13:52:47,307 INFO [RMI TCP Connection(4)-172.23.176.163] o.a.j.s.BatchSampleSender []: Using batching for this run. Thresholds: num=100, time=60000
2022-07-07 13:52:47,307 INFO [RMI TCP Connection(4)-172.23.176.163] o.a.j.s.DataStrippingSampleSender []: Using DataStrippingSampleSender for this run with stripAlsoOnError: true
2022-07-07 13:52:47,359 INFO [RMI TCP Connection(4)-172.23.176.163] o.a.j.s.BatchSampleSender []: Using batching for this run. Thresholds: num=100, time=60000
2022-07-07 13:52:47,359 INFO [RMI TCP Connection(4)-172.23.176.163] o.a.j.s.DataStrippingSampleSender []: Using DataStrippingSampleSender for this run with stripAlsoOnError: true
2022-07-07 13:52:47,360 INFO [RMI TCP Connection(4)-172.23.176.163] o.a.j.s.BatchSampleSender []: Using batching for this run. Thresholds: num=100, time=60000
2022-07-07 13:52:47,360 INFO [RMI TCP Connection(4)-172.23.176.163] o.a.j.s.DataStrippingSampleSender []: Using DataStrippingSampleSender for this run with stripAlsoOnError: true
2022-07-07 13:52:47,403 INFO [RMI TCP Connection(4)-172.23.176.163] o.a.j.e.RemoteJMeterEngineImpl []: Creating JMeter engine on host 172.23.176.134:1099 base '.'
2022-07-07 13:52:47,403 INFO [RMI TCP Connection(4)-172.23.176.163] o.a.j.e.RemoteJMeterEngineImpl []: Remote client host: 172.23.176.163
2022-07-07 13:52:47,404 INFO [RMI TCP Connection(4)-172.23.176.163] o.a.j.s.FileServer []: Set new base='.'
2022-07-07 13:52:47,416 INFO [RMI TCP Connection(4)-172.23.176.163] o.a.j.e.RemoteJMeterEngineImpl []: Cleaning previously set properties: {}
2022-07-07 13:52:47,417 INFO [RMI TCP Connection(4)-172.23.176.163] o.a.j.e.StandardJMeterEngine []: Applying properties {}
2022-07-07 13:52:47,418 INFO [RMI TCP Connection(4)-172.23.176.163] o.a.j.e.RemoteJMeterEngineImpl []: Running test
2022-07-07 13:52:47,419 INFO [StandardJMeterEngine] o.a.j.e.StandardJMeterEngine []: Running the test!
2022-07-07 13:52:47,420 INFO [StandardJMeterEngine] o.a.j.s.SampleEvent []: List of sample_variables: []
2022-07-07 13:52:47,428 ERROR [StandardJMeterEngine] o.a.j.s.RemoteListenerWrapper []: testStarted(host) on 172.23.176.134:1099
java.rmi.ConnectIOException: Exception creating connection to: 172.23.176.163; nested exception is: 
	java.net.NoRouteToHostException: No route to host (Host unreachable)
	at sun.rmi.transport.tcp.TCPEndpoint.newSocket(TCPEndpoint.java:635) ~[?:1.8.0_332]
	at sun.rmi.transport.tcp.TCPChannel.createConnection(TCPChannel.java:216) ~[?:1.8.0_332]
	at sun.rmi.transport.tcp.TCPChannel.newConnection(TCPChannel.java:202) ~[?:1.8.0_332]
	at sun.rmi.server.UnicastRef.invoke(UnicastRef.java:132) ~[?:1.8.0_332]
	at java.rmi.server.RemoteObjectInvocationHandler.invokeRemoteMethod(RemoteObjectInvocationHandler.java:235) ~[?:1.8.0_332]
	at java.rmi.server.RemoteObjectInvocationHandler.invoke(RemoteObjectInvocationHandler.java:180) ~[?:1.8.0_332]
	at com.sun.proxy.$Proxy20.testStarted(Unknown Source) ~[?:?]
	at org.apache.jmeter.samplers.RemoteListenerWrapper.testStarted(RemoteListenerWrapper.java:78) [ApacheJMeter_core.jar:5.4.3]
	at org.apache.jmeter.engine.StandardJMeterEngine.notifyTestListenersOfStart(StandardJMeterEngine.java:207) [ApacheJMeter_core.jar:5.4.3]
	at org.apache.jmeter.engine.StandardJMeterEngine.run(StandardJMeterEngine.java:382) [ApacheJMeter_core.jar:5.4.3]
	at java.lang.Thread.run(Thread.java:750) [?:1.8.0_332]
Caused by: java.net.NoRouteToHostException: No route to host (Host unreachable)
	at java.net.PlainSocketImpl.socketConnect(Native Method) ~[?:1.8.0_332]
	at java.net.AbstractPlainSocketImpl.doConnect(AbstractPlainSocketImpl.java:350) ~[?:1.8.0_332]
	at java.net.AbstractPlainSocketImpl.connectToAddress(AbstractPlainSocketImpl.java:206) ~[?:1.8.0_332]
	at java.net.AbstractPlainSocketImpl.connect(AbstractPlainSocketImpl.java:188) ~[?:1.8.0_332]
	at java.net.SocksSocketImpl.connect(SocksSocketImpl.java:392) ~[?:1.8.0_332]
	at java.net.Socket.connect(Socket.java:607) ~[?:1.8.0_332]
	at java.net.Socket.connect(Socket.java:556) ~[?:1.8.0_332]
	at java.net.Socket.<init>(Socket.java:452) ~[?:1.8.0_332]
	at java.net.Socket.<init>(Socket.java:229) ~[?:1.8.0_332]
	at sun.rmi.transport.proxy.RMIDirectSocketFactory.createSocket(RMIDirectSocketFactory.java:40) ~[?:1.8.0_332]
	at sun.rmi.transport.proxy.RMIMasterSocketFactory.createSocket(RMIMasterSocketFactory.java:148) ~[?:1.8.0_332]
	at sun.rmi.transport.tcp.TCPEndpoint.newSocket(TCPEndpoint.java:617) ~[?:1.8.0_332]
	... 10 more
2022-07-07 13:52:47,442 ERROR [StandardJMeterEngine] o.a.j.s.RemoteListenerWrapper []: testStarted(host) on 172.23.176.134:1099
java.rmi.ConnectIOException: Exception creating connection to: 172.23.176.163; nested exception is: 
	java.net.NoRouteToHostException: No route to host (Host unreachable)
	at sun.rmi.transport.tcp.TCPEndpoint.newSocket(TCPEndpoint.java:635) ~[?:1.8.0_332]
	at sun.rmi.transport.tcp.TCPChannel.createConnection(TCPChannel.java:216) ~[?:1.8.0_332]
	at sun.rmi.transport.tcp.TCPChannel.newConnection(TCPChannel.java:202) ~[?:1.8.0_332]
	at sun.rmi.server.UnicastRef.invoke(UnicastRef.java:132) ~[?:1.8.0_332]
	at java.rmi.server.RemoteObjectInvocationHandler.invokeRemoteMethod(RemoteObjectInvocationHandler.java:235) ~[?:1.8.0_332]
	at java.rmi.server.RemoteObjectInvocationHandler.invoke(RemoteObjectInvocationHandler.java:180) ~[?:1.8.0_332]
	at com.sun.proxy.$Proxy20.testStarted(Unknown Source) ~[?:?]
	at org.apache.jmeter.samplers.RemoteListenerWrapper.testStarted(RemoteListenerWrapper.java:78) [ApacheJMeter_core.jar:5.4.3]
	at org.apache.jmeter.engine.StandardJMeterEngine.notifyTestListenersOfStart(StandardJMeterEngine.java:207) [ApacheJMeter_core.jar:5.4.3]
	at org.apache.jmeter.engine.StandardJMeterEngine.run(StandardJMeterEngine.java:382) [ApacheJMeter_core.jar:5.4.3]
	at java.lang.Thread.run(Thread.java:750) [?:1.8.0_332]
Caused by: java.net.NoRouteToHostException: No route to host (Host unreachable)
	at java.net.PlainSocketImpl.socketConnect(Native Method) ~[?:1.8.0_332]
	at java.net.AbstractPlainSocketImpl.doConnect(AbstractPlainSocketImpl.java:350) ~[?:1.8.0_332]
	at java.net.AbstractPlainSocketImpl.connectToAddress(AbstractPlainSocketImpl.java:206) ~[?:1.8.0_332]
	at java.net.AbstractPlainSocketImpl.connect(AbstractPlainSocketImpl.java:188) ~[?:1.8.0_332]
	at java.net.SocksSocketImpl.connect(SocksSocketImpl.java:392) ~[?:1.8.0_332]
	at java.net.Socket.connect(Socket.java:607) ~[?:1.8.0_332]
	at java.net.Socket.connect(Socket.java:556) ~[?:1.8.0_332]
	at java.net.Socket.<init>(Socket.java:452) ~[?:1.8.0_332]
	at java.net.Socket.<init>(Socket.java:229) ~[?:1.8.0_332]
	at sun.rmi.transport.proxy.RMIDirectSocketFactory.createSocket(RMIDirectSocketFactory.java:40) ~[?:1.8.0_332]
	at sun.rmi.transport.proxy.RMIMasterSocketFactory.createSocket(RMIMasterSocketFactory.java:148) ~[?:1.8.0_332]
	at sun.rmi.transport.tcp.TCPEndpoint.newSocket(TCPEndpoint.java:617) ~[?:1.8.0_332]
	... 10 more
2022-07-07 13:52:47,448 ERROR [StandardJMeterEngine] o.a.j.s.RemoteListenerWrapper []: testStarted(host) on 172.23.176.134:1099
java.rmi.ConnectIOException: Exception creating connection to: 172.23.176.163; nested exception is: 
	java.net.NoRouteToHostException: No route to host (Host unreachable)
	at sun.rmi.transport.tcp.TCPEndpoint.newSocket(TCPEndpoint.java:635) ~[?:1.8.0_332]
	at sun.rmi.transport.tcp.TCPChannel.createConnection(TCPChannel.java:216) ~[?:1.8.0_332]
	at sun.rmi.transport.tcp.TCPChannel.newConnection(TCPChannel.java:202) ~[?:1.8.0_332]
	at sun.rmi.server.UnicastRef.invoke(UnicastRef.java:132) ~[?:1.8.0_332]
	at java.rmi.server.RemoteObjectInvocationHandler.invokeRemoteMethod(RemoteObjectInvocationHandler.java:235) ~[?:1.8.0_332]
	at java.rmi.server.RemoteObjectInvocationHandler.invoke(RemoteObjectInvocationHandler.java:180) ~[?:1.8.0_332]
	at com.sun.proxy.$Proxy20.testStarted(Unknown Source) ~[?:?]
	at org.apache.jmeter.samplers.RemoteListenerWrapper.testStarted(RemoteListenerWrapper.java:78) [ApacheJMeter_core.jar:5.4.3]
	at org.apache.jmeter.engine.StandardJMeterEngine.notifyTestListenersOfStart(StandardJMeterEngine.java:207) [ApacheJMeter_core.jar:5.4.3]
	at org.apache.jmeter.engine.StandardJMeterEngine.run(StandardJMeterEngine.java:382) [ApacheJMeter_core.jar:5.4.3]
	at java.lang.Thread.run(Thread.java:750) [?:1.8.0_332]
Caused by: java.net.NoRouteToHostException: No route to host (Host unreachable)
	at java.net.PlainSocketImpl.socketConnect(Native Method) ~[?:1.8.0_332]
	at java.net.AbstractPlainSocketImpl.doConnect(AbstractPlainSocketImpl.java:350) ~[?:1.8.0_332]
	at java.net.AbstractPlainSocketImpl.connectToAddress(AbstractPlainSocketImpl.java:206) ~[?:1.8.0_332]
	at java.net.AbstractPlainSocketImpl.connect(AbstractPlainSocketImpl.java:188) ~[?:1.8.0_332]
	at java.net.SocksSocketImpl.connect(SocksSocketImpl.java:392) ~[?:1.8.0_332]
	at java.net.Socket.connect(Socket.java:607) ~[?:1.8.0_332]
	at java.net.Socket.connect(Socket.java:556) ~[?:1.8.0_332]
	at java.net.Socket.<init>(Socket.java:452) ~[?:1.8.0_332]
	at java.net.Socket.<init>(Socket.java:229) ~[?:1.8.0_332]
	at sun.rmi.transport.proxy.RMIDirectSocketFactory.createSocket(RMIDirectSocketFactory.java:40) ~[?:1.8.0_332]
	at sun.rmi.transport.proxy.RMIMasterSocketFactory.createSocket(RMIMasterSocketFactory.java:148) ~[?:1.8.0_332]
	at sun.rmi.transport.tcp.TCPEndpoint.newSocket(TCPEndpoint.java:617) ~[?:1.8.0_332]
	... 10 more
2022-07-07 13:52:47,460 ERROR [StandardJMeterEngine] o.a.j.s.RemoteTestListenerWrapper []: Exception on testStarted on host 172.23.176.134:1099
java.rmi.ConnectIOException: Exception creating connection to: 172.23.176.163; nested exception is: 
	java.net.NoRouteToHostException: No route to host (Host unreachable)
	at sun.rmi.transport.tcp.TCPEndpoint.newSocket(TCPEndpoint.java:635) ~[?:1.8.0_332]
	at sun.rmi.transport.tcp.TCPChannel.createConnection(TCPChannel.java:216) ~[?:1.8.0_332]
	at sun.rmi.transport.tcp.TCPChannel.newConnection(TCPChannel.java:202) ~[?:1.8.0_332]
	at sun.rmi.server.UnicastRef.invoke(UnicastRef.java:132) ~[?:1.8.0_332]
	at java.rmi.server.RemoteObjectInvocationHandler.invokeRemoteMethod(RemoteObjectInvocationHandler.java:235) ~[?:1.8.0_332]
	at java.rmi.server.RemoteObjectInvocationHandler.invoke(RemoteObjectInvocationHandler.java:180) ~[?:1.8.0_332]
	at com.sun.proxy.$Proxy20.testStarted(Unknown Source) ~[?:?]
	at org.apache.jmeter.samplers.RemoteTestListenerWrapper.testStarted(RemoteTestListenerWrapper.java:68) [ApacheJMeter_core.jar:5.4.3]
	at org.apache.jmeter.engine.StandardJMeterEngine.notifyTestListenersOfStart(StandardJMeterEngine.java:207) [ApacheJMeter_core.jar:5.4.3]
	at org.apache.jmeter.engine.StandardJMeterEngine.run(StandardJMeterEngine.java:382) [ApacheJMeter_core.jar:5.4.3]
	at java.lang.Thread.run(Thread.java:750) [?:1.8.0_332]
Caused by: java.net.NoRouteToHostException: No route to host (Host unreachable)
	at java.net.PlainSocketImpl.socketConnect(Native Method) ~[?:1.8.0_332]
	at java.net.AbstractPlainSocketImpl.doConnect(AbstractPlainSocketImpl.java:350) ~[?:1.8.0_332]
	at java.net.AbstractPlainSocketImpl.connectToAddress(AbstractPlainSocketImpl.java:206) ~[?:1.8.0_332]
	at java.net.AbstractPlainSocketImpl.connect(AbstractPlainSocketImpl.java:188) ~[?:1.8.0_332]
	at java.net.SocksSocketImpl.connect(SocksSocketImpl.java:392) ~[?:1.8.0_332]
	at java.net.Socket.connect(Socket.java:607) ~[?:1.8.0_332]
	at java.net.Socket.connect(Socket.java:556) ~[?:1.8.0_332]
	at java.net.Socket.<init>(Socket.java:452) ~[?:1.8.0_332]
	at java.net.Socket.<init>(Socket.java:229) ~[?:1.8.0_332]
	at sun.rmi.transport.proxy.RMIDirectSocketFactory.createSocket(RMIDirectSocketFactory.java:40) ~[?:1.8.0_332]
	at sun.rmi.transport.proxy.RMIMasterSocketFactory.createSocket(RMIMasterSocketFactory.java:148) ~[?:1.8.0_332]
	at sun.rmi.transport.tcp.TCPEndpoint.newSocket(TCPEndpoint.java:617) ~[?:1.8.0_332]
	... 10 more
2022-07-07 13:52:47,573 INFO [StandardJMeterEngine] o.a.j.e.StandardJMeterEngine []: Starting ThreadGroup: 1 : TS2-Load testing
2022-07-07 13:52:47,573 INFO [StandardJMeterEngine] o.a.j.e.StandardJMeterEngine []: Starting 1 threads for group TS2-Load testing.
2022-07-07 13:52:47,574 INFO [StandardJMeterEngine] o.a.j.e.StandardJMeterEngine []: Thread will continue on error
2022-07-07 13:52:47,574 INFO [StandardJMeterEngine] o.a.j.t.ThreadGroup []: Starting thread group... number=1 threads=1 ramp-up=1 delayedStart=false
2022-07-07 13:52:47,575 INFO [StandardJMeterEngine] o.a.j.c.IncludeController []: loadIncludedElements -- try to load included module: /home/ssamoilic/JMT/bin/JMXfiles\Add_to_cart_Test_fragment.jmx
2022-07-07 13:52:47,575 INFO [StandardJMeterEngine] o.a.j.c.IncludeController []: loadIncludedElements -failed for: /home/ssamoilic/JMT/bin/JMXfiles\Add_to_cart_Test_fragment.jmx
2022-07-07 13:52:47,575 INFO [StandardJMeterEngine] o.a.j.c.IncludeController []: loadIncludedElements -Attempting to read it from: /home/ssamoilic/JMT/bin/./JMXfiles\Add_to_cart_Test_fragment.jmx
2022-07-07 13:52:47,575 ERROR [StandardJMeterEngine] o.a.j.c.IncludeController []: Include Controller 'GoToCategoty_and_AddToCart${count}' can't load 'JMXfiles\Add_to_cart_Test_fragment.jmx' - see log for details
2022-07-07 13:52:47,575 ERROR [StandardJMeterEngine] o.a.j.u.JMeterUtils []: Including file "JMXfiles\Add_to_cart_Test_fragment.jmx" failed for Include Controller "GoToCategoty_and_AddToCart${count}", unexpected error - see log for details
2022-07-07 13:52:47,576 WARN [StandardJMeterEngine] o.a.j.c.IncludeController []: Including file "JMXfiles\Add_to_cart_Test_fragment.jmx" failed for Include Controller "GoToCategoty_and_AddToCart${count}", unexpected error
java.io.IOException: loadIncludedElements -failed for: /home/ssamoilic/JMT/bin/JMXfiles\Add_to_cart_Test_fragment.jmx and /home/ssamoilic/JMT/bin/./JMXfiles\Add_to_cart_Test_fragment.jmx
	at org.apache.jmeter.control.IncludeController.loadIncludedElements(IncludeController.java:138) [ApacheJMeter_components.jar:5.4.3]
	at org.apache.jmeter.control.IncludeController.resolveReplacementSubTree(IncludeController.java:110) [ApacheJMeter_components.jar:5.4.3]
	at org.apache.jmeter.control.IncludeController.clone(IncludeController.java:63) [ApacheJMeter_components.jar:5.4.3]
	at org.apache.jmeter.engine.TreeCloner.addNodeToTree(TreeCloner.java:76) [ApacheJMeter_core.jar:5.4.3]
	at org.apache.jmeter.engine.TreeCloner.addNode(TreeCloner.java:63) [ApacheJMeter_core.jar:5.4.3]
	at org.apache.jorphan.collections.HashTree.traverseInto(HashTree.java:993) [jorphan.jar:5.4.3]
	at org.apache.jorphan.collections.HashTree.traverseInto(HashTree.java:994) [jorphan.jar:5.4.3]
	at org.apache.jorphan.collections.HashTree.traverse(HashTree.java:976) [jorphan.jar:5.4.3]
	at org.apache.jmeter.threads.ThreadGroup.cloneTree(ThreadGroup.java:535) [ApacheJMeter_core.jar:5.4.3]
	at org.apache.jmeter.threads.ThreadGroup.makeThread(ThreadGroup.java:310) [ApacheJMeter_core.jar:5.4.3]
	at org.apache.jmeter.threads.ThreadGroup.startNewThread(ThreadGroup.java:265) [ApacheJMeter_core.jar:5.4.3]
	at org.apache.jmeter.threads.ThreadGroup.start(ThreadGroup.java:244) [ApacheJMeter_core.jar:5.4.3]
	at org.apache.jmeter.engine.StandardJMeterEngine.startThreadGroup(StandardJMeterEngine.java:527) [ApacheJMeter_core.jar:5.4.3]
	at org.apache.jmeter.engine.StandardJMeterEngine.run(StandardJMeterEngine.java:452) [ApacheJMeter_core.jar:5.4.3]
	at java.lang.Thread.run(Thread.java:750) [?:1.8.0_332]
2022-07-07 13:52:47,576 INFO [StandardJMeterEngine] o.a.j.c.IncludeController []: loadIncludedElements -- try to load included module: /home/ssamoilic/JMT/bin/JMXfiles\SC2,Step2.6-2.7_While_delete_all.jmx
2022-07-07 13:52:47,576 INFO [StandardJMeterEngine] o.a.j.c.IncludeController []: loadIncludedElements -failed for: /home/ssamoilic/JMT/bin/JMXfiles\SC2,Step2.6-2.7_While_delete_all.jmx
2022-07-07 13:52:47,576 INFO [StandardJMeterEngine] o.a.j.c.IncludeController []: loadIncludedElements -Attempting to read it from: /home/ssamoilic/JMT/bin/./JMXfiles\SC2,Step2.6-2.7_While_delete_all.jmx
2022-07-07 13:52:47,577 ERROR [StandardJMeterEngine] o.a.j.c.IncludeController []: Include Controller 'IC-Delete_all_products' can't load 'JMXfiles\SC2,Step2.6-2.7_While_delete_all.jmx' - see log for details
2022-07-07 13:52:47,577 ERROR [StandardJMeterEngine] o.a.j.u.JMeterUtils []: Including file "JMXfiles\SC2,Step2.6-2.7_While_delete_all.jmx" failed for Include Controller "IC-Delete_all_products", unexpected error - see log for details
2022-07-07 13:52:47,577 WARN [StandardJMeterEngine] o.a.j.c.IncludeController []: Including file "JMXfiles\SC2,Step2.6-2.7_While_delete_all.jmx" failed for Include Controller "IC-Delete_all_products", unexpected error
java.io.IOException: loadIncludedElements -failed for: /home/ssamoilic/JMT/bin/JMXfiles\SC2,Step2.6-2.7_While_delete_all.jmx and /home/ssamoilic/JMT/bin/./JMXfiles\SC2,Step2.6-2.7_While_delete_all.jmx
	at org.apache.jmeter.control.IncludeController.loadIncludedElements(IncludeController.java:138) [ApacheJMeter_components.jar:5.4.3]
	at org.apache.jmeter.control.IncludeController.resolveReplacementSubTree(IncludeController.java:110) [ApacheJMeter_components.jar:5.4.3]
	at org.apache.jmeter.control.IncludeController.clone(IncludeController.java:63) [ApacheJMeter_components.jar:5.4.3]
	at org.apache.jmeter.engine.TreeCloner.addNodeToTree(TreeCloner.java:76) [ApacheJMeter_core.jar:5.4.3]
	at org.apache.jmeter.engine.TreeCloner.addNode(TreeCloner.java:63) [ApacheJMeter_core.jar:5.4.3]
	at org.apache.jorphan.collections.HashTree.traverseInto(HashTree.java:993) [jorphan.jar:5.4.3]
	at org.apache.jorphan.collections.HashTree.traverse(HashTree.java:976) [jorphan.jar:5.4.3]
	at org.apache.jmeter.threads.ThreadGroup.cloneTree(ThreadGroup.java:535) [ApacheJMeter_core.jar:5.4.3]
	at org.apache.jmeter.threads.ThreadGroup.makeThread(ThreadGroup.java:310) [ApacheJMeter_core.jar:5.4.3]
	at org.apache.jmeter.threads.ThreadGroup.startNewThread(ThreadGroup.java:265) [ApacheJMeter_core.jar:5.4.3]
	at org.apache.jmeter.threads.ThreadGroup.start(ThreadGroup.java:244) [ApacheJMeter_core.jar:5.4.3]
	at org.apache.jmeter.engine.StandardJMeterEngine.startThreadGroup(StandardJMeterEngine.java:527) [ApacheJMeter_core.jar:5.4.3]
	at org.apache.jmeter.engine.StandardJMeterEngine.run(StandardJMeterEngine.java:452) [ApacheJMeter_core.jar:5.4.3]
	at java.lang.Thread.run(Thread.java:750) [?:1.8.0_332]
2022-07-07 13:52:47,582 INFO [StandardJMeterEngine] o.a.j.t.ThreadGroup []: Started thread group number 1
2022-07-07 13:52:47,582 INFO [StandardJMeterEngine] o.a.j.e.StandardJMeterEngine []: All thread groups have been started
2022-07-07 13:52:47,588 INFO [172.23.176.134:1099-TS2-Load testing 1-1] o.a.j.t.JMeterThread []: Thread started: 172.23.176.134:1099-TS2-Load testing 1-1
2022-07-07 13:52:50,594 ERROR [172.23.176.134:1099-TS2-Load testing 1-1] o.a.j.t.RemoteThreadsListenerWrapper []: Exception invoking listener on threadStarted.
java.rmi.ConnectIOException: Exception creating connection to: 172.23.176.163; nested exception is: 
	java.net.NoRouteToHostException: No route to host (Host unreachable)
	at sun.rmi.transport.tcp.TCPEndpoint.newSocket(TCPEndpoint.java:635) ~[?:1.8.0_332]
	at sun.rmi.transport.tcp.TCPChannel.createConnection(TCPChannel.java:216) ~[?:1.8.0_332]
	at sun.rmi.transport.tcp.TCPChannel.newConnection(TCPChannel.java:202) ~[?:1.8.0_332]
	at sun.rmi.server.UnicastRef.invoke(UnicastRef.java:132) ~[?:1.8.0_332]
	at java.rmi.server.RemoteObjectInvocationHandler.invokeRemoteMethod(RemoteObjectInvocationHandler.java:235) ~[?:1.8.0_332]
	at java.rmi.server.RemoteObjectInvocationHandler.invoke(RemoteObjectInvocationHandler.java:180) ~[?:1.8.0_332]
	at com.sun.proxy.$Proxy22.threadStarted(Unknown Source) ~[?:?]
	at org.apache.jmeter.threads.RemoteThreadsListenerWrapper.threadStarted(RemoteThreadsListenerWrapper.java:51) [ApacheJMeter_core.jar:5.4.3]
	at org.apache.jmeter.threads.JMeterThread$ThreadListenerTraverser.addNode(JMeterThread.java:784) [ApacheJMeter_core.jar:5.4.3]
	at org.apache.jorphan.collections.HashTree.traverseInto(HashTree.java:993) [jorphan.jar:5.4.3]
	at org.apache.jorphan.collections.HashTree.traverse(HashTree.java:976) [jorphan.jar:5.4.3]
	at org.apache.jmeter.threads.JMeterThread.threadStarted(JMeterThread.java:752) [ApacheJMeter_core.jar:5.4.3]
	at org.apache.jmeter.threads.JMeterThread.initRun(JMeterThread.java:740) [ApacheJMeter_core.jar:5.4.3]
	at org.apache.jmeter.threads.JMeterThread.run(JMeterThread.java:252) [ApacheJMeter_core.jar:5.4.3]
	at java.lang.Thread.run(Thread.java:750) [?:1.8.0_332]
Caused by: java.net.NoRouteToHostException: No route to host (Host unreachable)
	at java.net.PlainSocketImpl.socketConnect(Native Method) ~[?:1.8.0_332]
	at java.net.AbstractPlainSocketImpl.doConnect(AbstractPlainSocketImpl.java:350) ~[?:1.8.0_332]
	at java.net.AbstractPlainSocketImpl.connectToAddress(AbstractPlainSocketImpl.java:206) ~[?:1.8.0_332]
	at java.net.AbstractPlainSocketImpl.connect(AbstractPlainSocketImpl.java:188) ~[?:1.8.0_332]
	at java.net.SocksSocketImpl.connect(SocksSocketImpl.java:392) ~[?:1.8.0_332]
	at java.net.Socket.connect(Socket.java:607) ~[?:1.8.0_332]
	at java.net.Socket.connect(Socket.java:556) ~[?:1.8.0_332]
	at java.net.Socket.<init>(Socket.java:452) ~[?:1.8.0_332]
	at java.net.Socket.<init>(Socket.java:229) ~[?:1.8.0_332]
	at sun.rmi.transport.proxy.RMIDirectSocketFactory.createSocket(RMIDirectSocketFactory.java:40) ~[?:1.8.0_332]
	at sun.rmi.transport.proxy.RMIMasterSocketFactory.createSocket(RMIMasterSocketFactory.java:148) ~[?:1.8.0_332]
	at sun.rmi.transport.tcp.TCPEndpoint.newSocket(TCPEndpoint.java:617) ~[?:1.8.0_332]
	... 14 more
2022-07-07 13:52:52,173 ERROR [172.23.176.134:1099-TS2-Load testing 1-1] o.a.j.s.BatchSampleSender []: sampleOccurred
java.rmi.ConnectIOException: Exception creating connection to: 172.23.176.163; nested exception is: 
	java.net.NoRouteToHostException: No route to host (Host unreachable)
	at sun.rmi.transport.tcp.TCPEndpoint.newSocket(TCPEndpoint.java:635) ~[?:1.8.0_332]
	at sun.rmi.transport.tcp.TCPChannel.createConnection(TCPChannel.java:216) ~[?:1.8.0_332]
	at sun.rmi.transport.tcp.TCPChannel.newConnection(TCPChannel.java:202) ~[?:1.8.0_332]
	at sun.rmi.server.UnicastRef.invoke(UnicastRef.java:132) ~[?:1.8.0_332]
	at java.rmi.server.RemoteObjectInvocationHandler.invokeRemoteMethod(RemoteObjectInvocationHandler.java:235) ~[?:1.8.0_332]
	at java.rmi.server.RemoteObjectInvocationHandler.invoke(RemoteObjectInvocationHandler.java:180) ~[?:1.8.0_332]
	at com.sun.proxy.$Proxy20.processBatch(Unknown Source) ~[?:?]
	at org.apache.jmeter.samplers.BatchSampleSender.sampleOccurred(BatchSampleSender.java:182) [ApacheJMeter_core.jar:5.4.3]
	at org.apache.jmeter.samplers.DataStrippingSampleSender.sampleOccurred(DataStrippingSampleSender.java:106) [ApacheJMeter_core.jar:5.4.3]
	at org.apache.jmeter.samplers.RemoteListenerWrapper.sampleOccurred(RemoteListenerWrapper.java:94) [ApacheJMeter_core.jar:5.4.3]
	at org.apache.jmeter.threads.ListenerNotifier.notifyListeners(ListenerNotifier.java:58) [ApacheJMeter_core.jar:5.4.3]
	at org.apache.jmeter.threads.JMeterThread.notifyListeners(JMeterThread.java:1024) [ApacheJMeter_core.jar:5.4.3]
	at org.apache.jmeter.threads.JMeterThread.executeSamplePackage(JMeterThread.java:579) [ApacheJMeter_core.jar:5.4.3]
	at org.apache.jmeter.threads.JMeterThread.processSampler(JMeterThread.java:489) [ApacheJMeter_core.jar:5.4.3]
	at org.apache.jmeter.threads.JMeterThread.run(JMeterThread.java:256) [ApacheJMeter_core.jar:5.4.3]
	at java.lang.Thread.run(Thread.java:750) [?:1.8.0_332]
Caused by: java.net.NoRouteToHostException: No route to host (Host unreachable)
	at java.net.PlainSocketImpl.socketConnect(Native Method) ~[?:1.8.0_332]
	at java.net.AbstractPlainSocketImpl.doConnect(AbstractPlainSocketImpl.java:350) ~[?:1.8.0_332]
	at java.net.AbstractPlainSocketImpl.connectToAddress(AbstractPlainSocketImpl.java:206) ~[?:1.8.0_332]
	at java.net.AbstractPlainSocketImpl.connect(AbstractPlainSocketImpl.java:188) ~[?:1.8.0_332]
	at java.net.SocksSocketImpl.connect(SocksSocketImpl.java:392) ~[?:1.8.0_332]
	at java.net.Socket.connect(Socket.java:607) ~[?:1.8.0_332]
	at java.net.Socket.connect(Socket.java:556) ~[?:1.8.0_332]
	at java.net.Socket.<init>(Socket.java:452) ~[?:1.8.0_332]
	at java.net.Socket.<init>(Socket.java:229) ~[?:1.8.0_332]
	at sun.rmi.transport.proxy.RMIDirectSocketFactory.createSocket(RMIDirectSocketFactory.java:40) ~[?:1.8.0_332]
	at sun.rmi.transport.proxy.RMIMasterSocketFactory.createSocket(RMIMasterSocketFactory.java:148) ~[?:1.8.0_332]
	at sun.rmi.transport.tcp.TCPEndpoint.newSocket(TCPEndpoint.java:617) ~[?:1.8.0_332]
	... 15 more
2022-07-07 13:52:53,174 ERROR [172.23.176.134:1099-TS2-Load testing 1-1] o.a.j.s.BatchSampleSender []: sampleOccurred
java.rmi.ConnectIOException: Exception creating connection to: 172.23.176.163; nested exception is: 
	java.net.NoRouteToHostException: No route to host (Host unreachable)
	at sun.rmi.transport.tcp.TCPEndpoint.newSocket(TCPEndpoint.java:635) ~[?:1.8.0_332]
	at sun.rmi.transport.tcp.TCPChannel.createConnection(TCPChannel.java:216) ~[?:1.8.0_332]
	at sun.rmi.transport.tcp.TCPChannel.newConnection(TCPChannel.java:202) ~[?:1.8.0_332]
	at sun.rmi.server.UnicastRef.invoke(UnicastRef.java:132) ~[?:1.8.0_332]
	at java.rmi.server.RemoteObjectInvocationHandler.invokeRemoteMethod(RemoteObjectInvocationHandler.java:235) ~[?:1.8.0_332]
	at java.rmi.server.RemoteObjectInvocationHandler.invoke(RemoteObjectInvocationHandler.java:180) ~[?:1.8.0_332]
	at com.sun.proxy.$Proxy20.processBatch(Unknown Source) ~[?:?]
	at org.apache.jmeter.samplers.BatchSampleSender.sampleOccurred(BatchSampleSender.java:182) [ApacheJMeter_core.jar:5.4.3]
	at org.apache.jmeter.samplers.DataStrippingSampleSender.sampleOccurred(DataStrippingSampleSender.java:106) [ApacheJMeter_core.jar:5.4.3]
	at org.apache.jmeter.samplers.RemoteListenerWrapper.sampleOccurred(RemoteListenerWrapper.java:94) [ApacheJMeter_core.jar:5.4.3]
	at org.apache.jmeter.threads.ListenerNotifier.notifyListeners(ListenerNotifier.java:58) [ApacheJMeter_core.jar:5.4.3]
	at org.apache.jmeter.threads.JMeterThread.notifyListeners(JMeterThread.java:1024) [ApacheJMeter_core.jar:5.4.3]
	at org.apache.jmeter.threads.JMeterThread.executeSamplePackage(JMeterThread.java:579) [ApacheJMeter_core.jar:5.4.3]
	at org.apache.jmeter.threads.JMeterThread.processSampler(JMeterThread.java:489) [ApacheJMeter_core.jar:5.4.3]
	at org.apache.jmeter.threads.JMeterThread.run(JMeterThread.java:256) [ApacheJMeter_core.jar:5.4.3]
	at java.lang.Thread.run(Thread.java:750) [?:1.8.0_332]
Caused by: java.net.NoRouteToHostException: No route to host (Host unreachable)
	at java.net.PlainSocketImpl.socketConnect(Native Method) ~[?:1.8.0_332]
	at java.net.AbstractPlainSocketImpl.doConnect(AbstractPlainSocketImpl.java:350) ~[?:1.8.0_332]
	at java.net.AbstractPlainSocketImpl.connectToAddress(AbstractPlainSocketImpl.java:206) ~[?:1.8.0_332]
	at java.net.AbstractPlainSocketImpl.connect(AbstractPlainSocketImpl.java:188) ~[?:1.8.0_332]
	at java.net.SocksSocketImpl.connect(SocksSocketImpl.java:392) ~[?:1.8.0_332]
	at java.net.Socket.connect(Socket.java:607) ~[?:1.8.0_332]
	at java.net.Socket.connect(Socket.java:556) ~[?:1.8.0_332]
	at java.net.Socket.<init>(Socket.java:452) ~[?:1.8.0_332]
	at java.net.Socket.<init>(Socket.java:229) ~[?:1.8.0_332]
	at sun.rmi.transport.proxy.RMIDirectSocketFactory.createSocket(RMIDirectSocketFactory.java:40) ~[?:1.8.0_332]
	at sun.rmi.transport.proxy.RMIMasterSocketFactory.createSocket(RMIMasterSocketFactory.java:148) ~[?:1.8.0_332]
	at sun.rmi.transport.tcp.TCPEndpoint.newSocket(TCPEndpoint.java:617) ~[?:1.8.0_332]
	... 15 more
2022-07-07 13:52:54,182 ERROR [172.23.176.134:1099-TS2-Load testing 1-1] o.a.j.s.BatchSampleSender []: sampleOccurred
java.rmi.ConnectIOException: Exception creating connection to: 172.23.176.163; nested exception is: 
	java.net.NoRouteToHostException: No route to host (Host unreachable)
	at sun.rmi.transport.tcp.TCPEndpoint.newSocket(TCPEndpoint.java:635) ~[?:1.8.0_332]
	at sun.rmi.transport.tcp.TCPChannel.createConnection(TCPChannel.java:216) ~[?:1.8.0_332]
	at sun.rmi.transport.tcp.TCPChannel.newConnection(TCPChannel.java:202) ~[?:1.8.0_332]
	at sun.rmi.server.UnicastRef.invoke(UnicastRef.java:132) ~[?:1.8.0_332]
	at java.rmi.server.RemoteObjectInvocationHandler.invokeRemoteMethod(RemoteObjectInvocationHandler.java:235) ~[?:1.8.0_332]
	at java.rmi.server.RemoteObjectInvocationHandler.invoke(RemoteObjectInvocationHandler.java:180) ~[?:1.8.0_332]
	at com.sun.proxy.$Proxy20.processBatch(Unknown Source) ~[?:?]
	at org.apache.jmeter.samplers.BatchSampleSender.sampleOccurred(BatchSampleSender.java:182) [ApacheJMeter_core.jar:5.4.3]
	at org.apache.jmeter.samplers.DataStrippingSampleSender.sampleOccurred(DataStrippingSampleSender.java:106) [ApacheJMeter_core.jar:5.4.3]
	at org.apache.jmeter.samplers.RemoteListenerWrapper.sampleOccurred(RemoteListenerWrapper.java:94) [ApacheJMeter_core.jar:5.4.3]
	at org.apache.jmeter.threads.ListenerNotifier.notifyListeners(ListenerNotifier.java:58) [ApacheJMeter_core.jar:5.4.3]
	at org.apache.jmeter.threads.JMeterThread.notifyListeners(JMeterThread.java:1024) [ApacheJMeter_core.jar:5.4.3]
	at org.apache.jmeter.threads.JMeterThread.executeSamplePackage(JMeterThread.java:579) [ApacheJMeter_core.jar:5.4.3]
	at org.apache.jmeter.threads.JMeterThread.processSampler(JMeterThread.java:489) [ApacheJMeter_core.jar:5.4.3]
	at org.apache.jmeter.threads.JMeterThread.run(JMeterThread.java:256) [ApacheJMeter_core.jar:5.4.3]
	at java.lang.Thread.run(Thread.java:750) [?:1.8.0_332]
Caused by: java.net.NoRouteToHostException: No route to host (Host unreachable)
	at java.net.PlainSocketImpl.socketConnect(Native Method) ~[?:1.8.0_332]
	at java.net.AbstractPlainSocketImpl.doConnect(AbstractPlainSocketImpl.java:350) ~[?:1.8.0_332]
	at java.net.AbstractPlainSocketImpl.connectToAddress(AbstractPlainSocketImpl.java:206) ~[?:1.8.0_332]
	at java.net.AbstractPlainSocketImpl.connect(AbstractPlainSocketImpl.java:188) ~[?:1.8.0_332]
	at java.net.SocksSocketImpl.connect(SocksSocketImpl.java:392) ~[?:1.8.0_332]
	at java.net.Socket.connect(Socket.java:607) ~[?:1.8.0_332]
	at java.net.Socket.connect(Socket.java:556) ~[?:1.8.0_332]
	at java.net.Socket.<init>(Socket.java:452) ~[?:1.8.0_332]
	at java.net.Socket.<init>(Socket.java:229) ~[?:1.8.0_332]
	at sun.rmi.transport.proxy.RMIDirectSocketFactory.createSocket(RMIDirectSocketFactory.java:40) ~[?:1.8.0_332]
	at sun.rmi.transport.proxy.RMIMasterSocketFactory.createSocket(RMIMasterSocketFactory.java:148) ~[?:1.8.0_332]
	at sun.rmi.transport.tcp.TCPEndpoint.newSocket(TCPEndpoint.java:617) ~[?:1.8.0_332]
	... 15 more
2022-07-07 13:52:54,205 INFO [172.23.176.134:1099-TS2-Load testing 1-1] o.a.j.t.JMeterThread []: Thread is done: 172.23.176.134:1099-TS2-Load testing 1-1
2022-07-07 13:52:54,205 INFO [172.23.176.134:1099-TS2-Load testing 1-1] o.a.j.t.JMeterThread []: Thread finished: 172.23.176.134:1099-TS2-Load testing 1-1
2022-07-07 13:52:55,208 ERROR [172.23.176.134:1099-TS2-Load testing 1-1] o.a.j.t.RemoteThreadsListenerWrapper []: Exception invoking listener on threadFinished.
java.rmi.ConnectIOException: Exception creating connection to: 172.23.176.163; nested exception is: 
	java.net.NoRouteToHostException: No route to host (Host unreachable)
	at sun.rmi.transport.tcp.TCPEndpoint.newSocket(TCPEndpoint.java:635) ~[?:1.8.0_332]
	at sun.rmi.transport.tcp.TCPChannel.createConnection(TCPChannel.java:216) ~[?:1.8.0_332]
	at sun.rmi.transport.tcp.TCPChannel.newConnection(TCPChannel.java:202) ~[?:1.8.0_332]
	at sun.rmi.server.UnicastRef.invoke(UnicastRef.java:132) ~[?:1.8.0_332]
	at java.rmi.server.RemoteObjectInvocationHandler.invokeRemoteMethod(RemoteObjectInvocationHandler.java:235) ~[?:1.8.0_332]
	at java.rmi.server.RemoteObjectInvocationHandler.invoke(RemoteObjectInvocationHandler.java:180) ~[?:1.8.0_332]
	at com.sun.proxy.$Proxy22.threadFinished(Unknown Source) ~[?:?]
	at org.apache.jmeter.threads.RemoteThreadsListenerWrapper.threadFinished(RemoteThreadsListenerWrapper.java:60) [ApacheJMeter_core.jar:5.4.3]
	at org.apache.jmeter.threads.JMeterThread$ThreadListenerTraverser.addNode(JMeterThread.java:790) [ApacheJMeter_core.jar:5.4.3]
	at org.apache.jorphan.collections.HashTree.traverseInto(HashTree.java:993) [jorphan.jar:5.4.3]
	at org.apache.jorphan.collections.HashTree.traverse(HashTree.java:976) [jorphan.jar:5.4.3]
	at org.apache.jmeter.threads.JMeterThread.threadFinished(JMeterThread.java:757) [ApacheJMeter_core.jar:5.4.3]
	at org.apache.jmeter.threads.JMeterThread.run(JMeterThread.java:328) [ApacheJMeter_core.jar:5.4.3]
	at java.lang.Thread.run(Thread.java:750) [?:1.8.0_332]
Caused by: java.net.NoRouteToHostException: No route to host (Host unreachable)
	at java.net.PlainSocketImpl.socketConnect(Native Method) ~[?:1.8.0_332]
	at java.net.AbstractPlainSocketImpl.doConnect(AbstractPlainSocketImpl.java:350) ~[?:1.8.0_332]
	at java.net.AbstractPlainSocketImpl.connectToAddress(AbstractPlainSocketImpl.java:206) ~[?:1.8.0_332]
	at java.net.AbstractPlainSocketImpl.connect(AbstractPlainSocketImpl.java:188) ~[?:1.8.0_332]
	at java.net.SocksSocketImpl.connect(SocksSocketImpl.java:392) ~[?:1.8.0_332]
	at java.net.Socket.connect(Socket.java:607) ~[?:1.8.0_332]
	at java.net.Socket.connect(Socket.java:556) ~[?:1.8.0_332]
	at java.net.Socket.<init>(Socket.java:452) ~[?:1.8.0_332]
	at java.net.Socket.<init>(Socket.java:229) ~[?:1.8.0_332]
	at sun.rmi.transport.proxy.RMIDirectSocketFactory.createSocket(RMIDirectSocketFactory.java:40) ~[?:1.8.0_332]
	at sun.rmi.transport.proxy.RMIMasterSocketFactory.createSocket(RMIMasterSocketFactory.java:148) ~[?:1.8.0_332]
	at sun.rmi.transport.tcp.TCPEndpoint.newSocket(TCPEndpoint.java:617) ~[?:1.8.0_332]
	... 13 more
2022-07-07 13:52:55,210 INFO [StandardJMeterEngine] o.a.j.e.StandardJMeterEngine []: Notifying test listeners of end of test
2022-07-07 13:52:55,210 INFO [StandardJMeterEngine] o.a.j.s.DataStrippingSampleSender []: Test Ended on 172.23.176.134:1099
2022-07-07 13:52:55,210 INFO [StandardJMeterEngine] o.a.j.s.BatchSampleSender []: Test Ended on 172.23.176.134:1099
2022-07-07 13:52:56,212 ERROR [StandardJMeterEngine] o.a.j.s.BatchSampleSender []: testEnded(host)
java.rmi.ConnectIOException: Exception creating connection to: 172.23.176.163; nested exception is: 
	java.net.NoRouteToHostException: No route to host (Host unreachable)
	at sun.rmi.transport.tcp.TCPEndpoint.newSocket(TCPEndpoint.java:635) ~[?:1.8.0_332]
	at sun.rmi.transport.tcp.TCPChannel.createConnection(TCPChannel.java:216) ~[?:1.8.0_332]
	at sun.rmi.transport.tcp.TCPChannel.newConnection(TCPChannel.java:202) ~[?:1.8.0_332]
	at sun.rmi.server.UnicastRef.invoke(UnicastRef.java:132) ~[?:1.8.0_332]
	at java.rmi.server.RemoteObjectInvocationHandler.invokeRemoteMethod(RemoteObjectInvocationHandler.java:235) ~[?:1.8.0_332]
	at java.rmi.server.RemoteObjectInvocationHandler.invoke(RemoteObjectInvocationHandler.java:180) ~[?:1.8.0_332]
	at com.sun.proxy.$Proxy20.testEnded(Unknown Source) ~[?:?]
	at org.apache.jmeter.samplers.BatchSampleSender.testEnded(BatchSampleSender.java:126) [ApacheJMeter_core.jar:5.4.3]
	at org.apache.jmeter.samplers.DataStrippingSampleSender.testEnded(DataStrippingSampleSender.java:85) [ApacheJMeter_core.jar:5.4.3]
	at org.apache.jmeter.samplers.RemoteListenerWrapper.testEnded(RemoteListenerWrapper.java:89) [ApacheJMeter_core.jar:5.4.3]
	at org.apache.jmeter.engine.StandardJMeterEngine.notifyTestListenersOfEnd(StandardJMeterEngine.java:220) [ApacheJMeter_core.jar:5.4.3]
	at org.apache.jmeter.engine.StandardJMeterEngine.run(StandardJMeterEngine.java:493) [ApacheJMeter_core.jar:5.4.3]
	at java.lang.Thread.run(Thread.java:750) [?:1.8.0_332]
Caused by: java.net.NoRouteToHostException: No route to host (Host unreachable)
	at java.net.PlainSocketImpl.socketConnect(Native Method) ~[?:1.8.0_332]
	at java.net.AbstractPlainSocketImpl.doConnect(AbstractPlainSocketImpl.java:350) ~[?:1.8.0_332]
	at java.net.AbstractPlainSocketImpl.connectToAddress(AbstractPlainSocketImpl.java:206) ~[?:1.8.0_332]
	at java.net.AbstractPlainSocketImpl.connect(AbstractPlainSocketImpl.java:188) ~[?:1.8.0_332]
	at java.net.SocksSocketImpl.connect(SocksSocketImpl.java:392) ~[?:1.8.0_332]
	at java.net.Socket.connect(Socket.java:607) ~[?:1.8.0_332]
	at java.net.Socket.connect(Socket.java:556) ~[?:1.8.0_332]
	at java.net.Socket.<init>(Socket.java:452) ~[?:1.8.0_332]
	at java.net.Socket.<init>(Socket.java:229) ~[?:1.8.0_332]
	at sun.rmi.transport.proxy.RMIDirectSocketFactory.createSocket(RMIDirectSocketFactory.java:40) ~[?:1.8.0_332]
	at sun.rmi.transport.proxy.RMIMasterSocketFactory.createSocket(RMIMasterSocketFactory.java:148) ~[?:1.8.0_332]
	at sun.rmi.transport.tcp.TCPEndpoint.newSocket(TCPEndpoint.java:617) ~[?:1.8.0_332]
	... 12 more
2022-07-07 13:52:56,213 INFO [StandardJMeterEngine] o.a.j.s.DataStrippingSampleSender []: Test Ended on 172.23.176.134:1099
2022-07-07 13:52:56,213 INFO [StandardJMeterEngine] o.a.j.s.BatchSampleSender []: Test Ended on 172.23.176.134:1099
2022-07-07 13:52:57,216 ERROR [StandardJMeterEngine] o.a.j.s.BatchSampleSender []: testEnded(host)
java.rmi.ConnectIOException: Exception creating connection to: 172.23.176.163; nested exception is: 
	java.net.NoRouteToHostException: No route to host (Host unreachable)
	at sun.rmi.transport.tcp.TCPEndpoint.newSocket(TCPEndpoint.java:635) ~[?:1.8.0_332]
	at sun.rmi.transport.tcp.TCPChannel.createConnection(TCPChannel.java:216) ~[?:1.8.0_332]
	at sun.rmi.transport.tcp.TCPChannel.newConnection(TCPChannel.java:202) ~[?:1.8.0_332]
	at sun.rmi.server.UnicastRef.invoke(UnicastRef.java:132) ~[?:1.8.0_332]
	at java.rmi.server.RemoteObjectInvocationHandler.invokeRemoteMethod(RemoteObjectInvocationHandler.java:235) ~[?:1.8.0_332]
	at java.rmi.server.RemoteObjectInvocationHandler.invoke(RemoteObjectInvocationHandler.java:180) ~[?:1.8.0_332]
	at com.sun.proxy.$Proxy20.testEnded(Unknown Source) ~[?:?]
	at org.apache.jmeter.samplers.BatchSampleSender.testEnded(BatchSampleSender.java:126) [ApacheJMeter_core.jar:5.4.3]
	at org.apache.jmeter.samplers.DataStrippingSampleSender.testEnded(DataStrippingSampleSender.java:85) [ApacheJMeter_core.jar:5.4.3]
	at org.apache.jmeter.samplers.RemoteListenerWrapper.testEnded(RemoteListenerWrapper.java:89) [ApacheJMeter_core.jar:5.4.3]
	at org.apache.jmeter.engine.StandardJMeterEngine.notifyTestListenersOfEnd(StandardJMeterEngine.java:220) [ApacheJMeter_core.jar:5.4.3]
	at org.apache.jmeter.engine.StandardJMeterEngine.run(StandardJMeterEngine.java:493) [ApacheJMeter_core.jar:5.4.3]
	at java.lang.Thread.run(Thread.java:750) [?:1.8.0_332]
Caused by: java.net.NoRouteToHostException: No route to host (Host unreachable)
	at java.net.PlainSocketImpl.socketConnect(Native Method) ~[?:1.8.0_332]
	at java.net.AbstractPlainSocketImpl.doConnect(AbstractPlainSocketImpl.java:350) ~[?:1.8.0_332]
	at java.net.AbstractPlainSocketImpl.connectToAddress(AbstractPlainSocketImpl.java:206) ~[?:1.8.0_332]
	at java.net.AbstractPlainSocketImpl.connect(AbstractPlainSocketImpl.java:188) ~[?:1.8.0_332]
	at java.net.SocksSocketImpl.connect(SocksSocketImpl.java:392) ~[?:1.8.0_332]
	at java.net.Socket.connect(Socket.java:607) ~[?:1.8.0_332]
	at java.net.Socket.connect(Socket.java:556) ~[?:1.8.0_332]
	at java.net.Socket.<init>(Socket.java:452) ~[?:1.8.0_332]
	at java.net.Socket.<init>(Socket.java:229) ~[?:1.8.0_332]
	at sun.rmi.transport.proxy.RMIDirectSocketFactory.createSocket(RMIDirectSocketFactory.java:40) ~[?:1.8.0_332]
	at sun.rmi.transport.proxy.RMIMasterSocketFactory.createSocket(RMIMasterSocketFactory.java:148) ~[?:1.8.0_332]
	at sun.rmi.transport.tcp.TCPEndpoint.newSocket(TCPEndpoint.java:617) ~[?:1.8.0_332]
	... 12 more
2022-07-07 13:52:57,217 INFO [StandardJMeterEngine] o.a.j.s.DataStrippingSampleSender []: Test Ended on 172.23.176.134:1099
2022-07-07 13:52:57,218 INFO [StandardJMeterEngine] o.a.j.s.BatchSampleSender []: Test Ended on 172.23.176.134:1099
2022-07-07 13:52:58,222 ERROR [StandardJMeterEngine] o.a.j.s.BatchSampleSender []: testEnded(host)
java.rmi.ConnectIOException: Exception creating connection to: 172.23.176.163; nested exception is: 
	java.net.NoRouteToHostException: No route to host (Host unreachable)
	at sun.rmi.transport.tcp.TCPEndpoint.newSocket(TCPEndpoint.java:635) ~[?:1.8.0_332]
	at sun.rmi.transport.tcp.TCPChannel.createConnection(TCPChannel.java:216) ~[?:1.8.0_332]
	at sun.rmi.transport.tcp.TCPChannel.newConnection(TCPChannel.java:202) ~[?:1.8.0_332]
	at sun.rmi.server.UnicastRef.invoke(UnicastRef.java:132) ~[?:1.8.0_332]
	at java.rmi.server.RemoteObjectInvocationHandler.invokeRemoteMethod(RemoteObjectInvocationHandler.java:235) ~[?:1.8.0_332]
	at java.rmi.server.RemoteObjectInvocationHandler.invoke(RemoteObjectInvocationHandler.java:180) ~[?:1.8.0_332]
	at com.sun.proxy.$Proxy20.testEnded(Unknown Source) ~[?:?]
	at org.apache.jmeter.samplers.BatchSampleSender.testEnded(BatchSampleSender.java:126) [ApacheJMeter_core.jar:5.4.3]
	at org.apache.jmeter.samplers.DataStrippingSampleSender.testEnded(DataStrippingSampleSender.java:85) [ApacheJMeter_core.jar:5.4.3]
	at org.apache.jmeter.samplers.RemoteListenerWrapper.testEnded(RemoteListenerWrapper.java:89) [ApacheJMeter_core.jar:5.4.3]
	at org.apache.jmeter.engine.StandardJMeterEngine.notifyTestListenersOfEnd(StandardJMeterEngine.java:220) [ApacheJMeter_core.jar:5.4.3]
	at org.apache.jmeter.engine.StandardJMeterEngine.run(StandardJMeterEngine.java:493) [ApacheJMeter_core.jar:5.4.3]
	at java.lang.Thread.run(Thread.java:750) [?:1.8.0_332]
Caused by: java.net.NoRouteToHostException: No route to host (Host unreachable)
	at java.net.PlainSocketImpl.socketConnect(Native Method) ~[?:1.8.0_332]
	at java.net.AbstractPlainSocketImpl.doConnect(AbstractPlainSocketImpl.java:350) ~[?:1.8.0_332]
	at java.net.AbstractPlainSocketImpl.connectToAddress(AbstractPlainSocketImpl.java:206) ~[?:1.8.0_332]
	at java.net.AbstractPlainSocketImpl.connect(AbstractPlainSocketImpl.java:188) ~[?:1.8.0_332]
	at java.net.SocksSocketImpl.connect(SocksSocketImpl.java:392) ~[?:1.8.0_332]
	at java.net.Socket.connect(Socket.java:607) ~[?:1.8.0_332]
	at java.net.Socket.connect(Socket.java:556) ~[?:1.8.0_332]
	at java.net.Socket.<init>(Socket.java:452) ~[?:1.8.0_332]
	at java.net.Socket.<init>(Socket.java:229) ~[?:1.8.0_332]
	at sun.rmi.transport.proxy.RMIDirectSocketFactory.createSocket(RMIDirectSocketFactory.java:40) ~[?:1.8.0_332]
	at sun.rmi.transport.proxy.RMIMasterSocketFactory.createSocket(RMIMasterSocketFactory.java:148) ~[?:1.8.0_332]
	at sun.rmi.transport.tcp.TCPEndpoint.newSocket(TCPEndpoint.java:617) ~[?:1.8.0_332]
	... 12 more
2022-07-07 13:52:59,228 ERROR [StandardJMeterEngine] o.a.j.s.RemoteTestListenerWrapper []: Exception on testEnded on host 172.23.176.134:1099
java.rmi.ConnectIOException: Exception creating connection to: 172.23.176.163; nested exception is: 
	java.net.NoRouteToHostException: No route to host (Host unreachable)
	at sun.rmi.transport.tcp.TCPEndpoint.newSocket(TCPEndpoint.java:635) ~[?:1.8.0_332]
	at sun.rmi.transport.tcp.TCPChannel.createConnection(TCPChannel.java:216) ~[?:1.8.0_332]
	at sun.rmi.transport.tcp.TCPChannel.newConnection(TCPChannel.java:202) ~[?:1.8.0_332]
	at sun.rmi.server.UnicastRef.invoke(UnicastRef.java:132) ~[?:1.8.0_332]
	at java.rmi.server.RemoteObjectInvocationHandler.invokeRemoteMethod(RemoteObjectInvocationHandler.java:235) ~[?:1.8.0_332]
	at java.rmi.server.RemoteObjectInvocationHandler.invoke(RemoteObjectInvocationHandler.java:180) ~[?:1.8.0_332]
	at com.sun.proxy.$Proxy20.testEnded(Unknown Source) ~[?:?]
	at org.apache.jmeter.samplers.RemoteTestListenerWrapper.testEnded(RemoteTestListenerWrapper.java:77) [ApacheJMeter_core.jar:5.4.3]
	at org.apache.jmeter.engine.StandardJMeterEngine.notifyTestListenersOfEnd(StandardJMeterEngine.java:220) [ApacheJMeter_core.jar:5.4.3]
	at org.apache.jmeter.engine.StandardJMeterEngine.run(StandardJMeterEngine.java:493) [ApacheJMeter_core.jar:5.4.3]
	at java.lang.Thread.run(Thread.java:750) [?:1.8.0_332]
Caused by: java.net.NoRouteToHostException: No route to host (Host unreachable)
	at java.net.PlainSocketImpl.socketConnect(Native Method) ~[?:1.8.0_332]
	at java.net.AbstractPlainSocketImpl.doConnect(AbstractPlainSocketImpl.java:350) ~[?:1.8.0_332]
	at java.net.AbstractPlainSocketImpl.connectToAddress(AbstractPlainSocketImpl.java:206) ~[?:1.8.0_332]
	at java.net.AbstractPlainSocketImpl.connect(AbstractPlainSocketImpl.java:188) ~[?:1.8.0_332]
	at java.net.SocksSocketImpl.connect(SocksSocketImpl.java:392) ~[?:1.8.0_332]
	at java.net.Socket.connect(Socket.java:607) ~[?:1.8.0_332]
	at java.net.Socket.connect(Socket.java:556) ~[?:1.8.0_332]
	at java.net.Socket.<init>(Socket.java:452) ~[?:1.8.0_332]
	at java.net.Socket.<init>(Socket.java:229) ~[?:1.8.0_332]
	at sun.rmi.transport.proxy.RMIDirectSocketFactory.createSocket(RMIDirectSocketFactory.java:40) ~[?:1.8.0_332]
	at sun.rmi.transport.proxy.RMIMasterSocketFactory.createSocket(RMIMasterSocketFactory.java:148) ~[?:1.8.0_332]
	at sun.rmi.transport.tcp.TCPEndpoint.newSocket(TCPEndpoint.java:617) ~[?:1.8.0_332]
	... 10 more
2022-07-07 13:52:59,229 INFO [StandardJMeterEngine] o.a.j.e.StandardJMeterEngine []: Test has ended on host 172.23.176.134:1099 
