2022-03-03 13:08:52,387 INFO o.a.j.u.JMeterUtils: Setting Locale to en_US
2022-03-03 13:08:52,407 INFO o.a.j.JMeter: Loading user properties from: user.properties
2022-03-03 13:08:52,408 INFO o.a.j.JMeter: Loading system properties from: system.properties
2022-03-03 13:08:52,409 INFO o.a.j.JMeter: Loading additional properties from: C:\SS\apache-jmeter-5.4.3 - Copy\bin\user.properties
2022-03-03 13:08:52,418 INFO o.a.j.JMeter: Copyright (c) 1998-2021 The Apache Software Foundation
2022-03-03 13:08:52,418 INFO o.a.j.JMeter: Version 5.4.3
2022-03-03 13:08:52,418 INFO o.a.j.JMeter: java.version=11.0.11
2022-03-03 13:08:52,418 INFO o.a.j.JMeter: java.vm.name=Java HotSpot(TM) 64-Bit Server VM
2022-03-03 13:08:52,418 INFO o.a.j.JMeter: os.name=Windows 10
2022-03-03 13:08:52,418 INFO o.a.j.JMeter: os.arch=amd64
2022-03-03 13:08:52,418 INFO o.a.j.JMeter: os.version=10.0
2022-03-03 13:08:52,418 INFO o.a.j.JMeter: file.encoding=Cp1252
2022-03-03 13:08:52,418 INFO o.a.j.JMeter: java.awt.headless=true
2022-03-03 13:08:52,418 INFO o.a.j.JMeter: Max memory     =4229955584
2022-03-03 13:08:52,419 INFO o.a.j.JMeter: Available Processors =8
2022-03-03 13:08:52,430 INFO o.a.j.JMeter: Default Locale=English (United States)
2022-03-03 13:08:52,430 INFO o.a.j.JMeter: JMeter  Locale=English (United States)
2022-03-03 13:08:52,430 INFO o.a.j.JMeter: JMeterHome=C:\SS\apache-jmeter-5.4.3 - Copy
2022-03-03 13:08:52,430 INFO o.a.j.JMeter: user.dir  =C:\SS\apache-jmeter-5.4.3 - Copy\bin
2022-03-03 13:08:52,430 INFO o.a.j.JMeter: PWD       =C:\SS\apache-jmeter-5.4.3 - Copy\bin
2022-03-03 13:08:52,432 INFO o.a.j.JMeter: IP: 192.168.56.1 Name: EN411309 FullName: EN411309.endava.net
2022-03-03 13:08:52,437 INFO o.a.j.JMeter: Setting property 'jmeter.reportgenerator.outputdir' to:'C:\SS\apache-jmeter-5.4.3 - Copy\bin\New Folder (3)'
2022-03-03 13:08:52,442 INFO o.a.j.r.d.ReportGenerator: ReportGenerator will use for Parsing the separator: ','
2022-03-03 13:08:52,443 INFO o.a.j.r.d.ReportGenerator: Will only generate report from results file: C:\SS\apache-jmeter-5.4.3 - Copy\bin\logts4-1.jtl
2022-03-03 13:08:52,443 INFO o.a.j.r.d.ReportGenerator: Reading report generator properties from: C:\SS\apache-jmeter-5.4.3 - Copy\bin\reportgenerator.properties
2022-03-03 13:08:52,444 INFO o.a.j.r.d.ReportGenerator: Merging with JMeter properties
2022-03-03 13:08:52,449 INFO o.a.j.r.c.ReportGeneratorConfiguration: Property 'jmeter.reportgenerator.temp_dir' not found, using default value 'temp' instead.
2022-03-03 13:08:52,452 INFO o.a.j.r.c.ReportGeneratorConfiguration: Property 'jmeter.reportgenerator.apdex_per_transaction' not found, using default value 'null' instead.
2022-03-03 13:08:52,459 INFO o.a.j.r.c.ReportGeneratorConfiguration: apdex_per_transaction is empty, not APDEX per transaction customization
2022-03-03 13:08:52,459 INFO o.a.j.r.c.ReportGeneratorConfiguration: Property 'jmeter.reportgenerator.sample_filter' not found, using default value 'null' instead.
2022-03-03 13:08:52,459 INFO o.a.j.r.c.ReportGeneratorConfiguration: Property 'jmeter.reportgenerator.start_date' not found, using default value 'null' instead.
2022-03-03 13:08:52,459 INFO o.a.j.r.c.ReportGeneratorConfiguration: Property 'jmeter.reportgenerator.end_date' not found, using default value 'null' instead.
2022-03-03 13:08:52,459 INFO o.a.j.r.c.ReportGeneratorConfiguration: Property 'jmeter.reportgenerator.date_format' not found, using default value 'null' instead.
2022-03-03 13:08:52,464 INFO o.a.j.r.c.ReportGeneratorConfiguration: Will use date range start date: null, end date: null
2022-03-03 13:08:52,468 INFO o.a.j.r.c.ReportGeneratorConfiguration: Property 'jmeter.reportgenerator.graph.totalTPS.exclude_controllers' not found, using default value 'false' instead.
2022-03-03 13:08:52,469 INFO o.a.j.r.c.ReportGeneratorConfiguration: Property 'jmeter.reportgenerator.graph.activeThreadsOverTime.exclude_controllers' not found, using default value 'false' instead.
2022-03-03 13:08:52,469 INFO o.a.j.r.c.ReportGeneratorConfiguration: Property 'jmeter.reportgenerator.graph.timeVsThreads.exclude_controllers' not found, using default value 'false' instead.
2022-03-03 13:08:52,469 INFO o.a.j.r.c.ReportGeneratorConfiguration: Property 'jmeter.reportgenerator.graph.responseTimeDistribution.exclude_controllers' not found, using default value 'false' instead.
2022-03-03 13:08:52,469 INFO o.a.j.r.c.ReportGeneratorConfiguration: Property 'jmeter.reportgenerator.graph.transactionsPerSecond.exclude_controllers' not found, using default value 'false' instead.
2022-03-03 13:08:52,469 INFO o.a.j.r.c.ReportGeneratorConfiguration: Property 'jmeter.reportgenerator.graph.responseTimePercentiles.exclude_controllers' not found, using default value 'false' instead.
2022-03-03 13:08:52,469 INFO o.a.j.r.c.ReportGeneratorConfiguration: Property 'jmeter.reportgenerator.graph.responseTimePercentilesOverTime.exclude_controllers' not found, using default value 'false' instead.
2022-03-03 13:08:52,469 INFO o.a.j.r.c.ReportGeneratorConfiguration: Property 'jmeter.reportgenerator.graph.responseTimesOverTime.exclude_controllers' not found, using default value 'false' instead.
2022-03-03 13:08:52,470 INFO o.a.j.r.c.ReportGeneratorConfiguration: Property 'jmeter.reportgenerator.graph.connectTimeOverTime.exclude_controllers' not found, using default value 'false' instead.
2022-03-03 13:08:52,470 INFO o.a.j.r.c.ReportGeneratorConfiguration: Property 'jmeter.reportgenerator.graph.latenciesOverTime.exclude_controllers' not found, using default value 'false' instead.
2022-03-03 13:08:52,471 INFO o.a.j.r.c.ReportGeneratorConfiguration: Property 'jmeter.reportgenerator.exporter.json.filters_only_sample_series' not found, using default value 'true' instead.
2022-03-03 13:08:52,471 INFO o.a.j.r.c.ReportGeneratorConfiguration: Property 'jmeter.reportgenerator.exporter.json.series_filter' not found, using default value '' instead.
2022-03-03 13:08:52,471 INFO o.a.j.r.c.ReportGeneratorConfiguration: Property 'jmeter.reportgenerator.exporter.json.show_controllers_only' not found, using default value 'false' instead.
2022-03-03 13:08:52,472 INFO o.a.j.r.c.ReportGeneratorConfiguration: Property 'jmeter.reportgenerator.exporter.html.filters_only_sample_series' not found, using default value 'true' instead.
2022-03-03 13:08:52,472 INFO o.a.j.r.c.ReportGeneratorConfiguration: Property 'jmeter.reportgenerator.exporter.html.series_filter' not found, using default value '' instead.
2022-03-03 13:08:52,472 INFO o.a.j.r.c.ReportGeneratorConfiguration: Property 'jmeter.reportgenerator.exporter.html.show_controllers_only' not found, using default value 'false' instead.
2022-03-03 13:08:52,691 INFO o.a.j.s.SaveService: Testplan (JMX) version: 2.2. Testlog (JTL) version: 2.2
2022-03-03 13:08:52,719 INFO o.a.j.s.SaveService: Using SaveService properties version 5.0
2022-03-03 13:08:52,723 INFO o.a.j.s.SaveService: Using SaveService properties file encoding UTF-8
2022-03-03 13:08:52,748 INFO o.a.j.r.p.NormalizerSampleConsumer: Using format, 'ms', to parse timeStamp field
2022-03-03 13:08:53,183 INFO o.a.j.r.p.AbstractSampleConsumer: class org.apache.jmeter.report.processor.AggregateConsumer#stopProducing(): beginDate produced 0 samples
2022-03-03 13:08:53,183 INFO o.a.j.r.p.AbstractSampleConsumer: class org.apache.jmeter.report.processor.AggregateConsumer#stopProducing(): endDate produced 0 samples
2022-03-03 13:08:53,185 INFO o.a.j.r.p.AbstractSampleConsumer: class org.apache.jmeter.report.processor.ApdexSummaryConsumer#stopProducing(): apdexSummary produced 0 samples
2022-03-03 13:08:53,185 INFO o.a.j.r.p.AbstractSampleConsumer: class org.apache.jmeter.report.processor.RequestsSummaryConsumer#stopProducing(): requestsSummary produced 0 samples
2022-03-03 13:08:53,191 INFO o.a.j.r.p.AbstractSampleConsumer: class org.apache.jmeter.report.processor.StatisticsSummaryConsumer#stopProducing(): statisticsSummary produced 0 samples
2022-03-03 13:08:53,197 INFO o.a.j.r.p.AbstractSampleConsumer: class org.apache.jmeter.report.processor.Top5ErrorsBySamplerConsumer#stopProducing(): top5ErrorsBySampler produced 0 samples
2022-03-03 13:08:53,198 INFO o.a.j.r.p.AbstractSampleConsumer: class org.apache.jmeter.report.processor.ErrorsSummaryConsumer#stopProducing(): errorsSummary produced 0 samples
2022-03-03 13:08:53,198 INFO o.a.j.r.p.AbstractSampleConsumer: class org.apache.jmeter.report.processor.graph.impl.HitsPerSecondGraphConsumer#stopProducing(): hitsPerSecond produced 0 samples
2022-03-03 13:08:53,227 INFO o.a.j.r.p.AbstractSampleConsumer: class org.apache.jmeter.report.processor.graph.impl.LatencyVSRequestGraphConsumer#stopProducing(): latencyVsRequest produced 0 samples
2022-03-03 13:08:53,228 INFO o.a.j.r.p.AbstractSampleConsumer: class org.apache.jmeter.report.processor.graph.impl.SyntheticResponseTimeDistributionGraphConsumer#stopProducing(): syntheticResponseTimeDistribution produced 0 samples
2022-03-03 13:08:53,228 INFO o.a.j.r.p.AbstractSampleConsumer: class org.apache.jmeter.report.processor.graph.impl.BytesThroughputGraphConsumer#stopProducing(): bytesThroughputOverTime produced 0 samples
2022-03-03 13:08:53,228 INFO o.a.j.r.p.AbstractSampleConsumer: class org.apache.jmeter.report.processor.graph.impl.CodesPerSecondGraphConsumer#stopProducing(): codesPerSecond produced 0 samples
2022-03-03 13:08:53,250 INFO o.a.j.r.p.AbstractSampleConsumer: class org.apache.jmeter.report.processor.graph.impl.ResponseTimeVSRequestGraphConsumer#stopProducing(): responseTimeVsRequest produced 0 samples
2022-03-03 13:08:53,250 INFO o.a.j.r.p.AbstractSampleConsumer: class org.apache.jmeter.report.processor.FilterConsumer#stopProducing(): startIntervalControlerFilter produced 3836 samples
2022-03-03 13:08:53,251 INFO o.a.j.r.p.AbstractSampleConsumer: class org.apache.jmeter.report.processor.graph.impl.TotalTPSGraphConsumer#stopProducing(): totalTPS produced 0 samples
2022-03-03 13:08:53,251 INFO o.a.j.r.p.AbstractSampleConsumer: class org.apache.jmeter.report.processor.graph.impl.ActiveThreadsGraphConsumer#stopProducing(): activeThreadsOverTime produced 0 samples
2022-03-03 13:08:53,251 INFO o.a.j.r.p.AbstractSampleConsumer: class org.apache.jmeter.report.processor.graph.impl.TimeVSThreadGraphConsumer#stopProducing(): timeVsThreads produced 0 samples
2022-03-03 13:08:53,253 INFO o.a.j.r.p.AbstractSampleConsumer: class org.apache.jmeter.report.processor.graph.impl.ResponseTimeDistributionGraphConsumer#stopProducing(): responseTimeDistribution produced 0 samples
2022-03-03 13:08:53,254 INFO o.a.j.r.p.AbstractSampleConsumer: class org.apache.jmeter.report.processor.graph.impl.TransactionsPerSecondGraphConsumer#stopProducing(): transactionsPerSecond produced 0 samples
2022-03-03 13:08:53,255 INFO o.a.j.r.p.AbstractSampleConsumer: class org.apache.jmeter.report.processor.graph.impl.ResponseTimePercentilesGraphConsumer#stopProducing(): responseTimePercentiles produced 0 samples
2022-03-03 13:08:53,267 INFO o.a.j.r.p.AbstractSampleConsumer: class org.apache.jmeter.report.processor.graph.impl.ResponseTimePercentilesOverTimeGraphConsumer#stopProducing(): responseTimePercentilesOverTime produced 0 samples
2022-03-03 13:08:53,268 INFO o.a.j.r.p.AbstractSampleConsumer: class org.apache.jmeter.report.processor.graph.impl.ResponseTimeOverTimeGraphConsumer#stopProducing(): responseTimesOverTime produced 0 samples
2022-03-03 13:08:53,269 INFO o.a.j.r.p.AbstractSampleConsumer: class org.apache.jmeter.report.processor.graph.impl.ConnectTimeOverTimeGraphConsumer#stopProducing(): connectTimeOverTime produced 0 samples
2022-03-03 13:08:53,269 INFO o.a.j.r.p.AbstractSampleConsumer: class org.apache.jmeter.report.processor.graph.impl.LatencyOverTimeGraphConsumer#stopProducing(): latenciesOverTime produced 0 samples
2022-03-03 13:08:53,270 INFO o.a.j.r.p.AbstractSampleConsumer: class org.apache.jmeter.report.processor.FilterConsumer#stopProducing(): nameFilter produced 9570 samples
2022-03-03 13:08:53,270 INFO o.a.j.r.p.AbstractSampleConsumer: class org.apache.jmeter.report.processor.FilterConsumer#stopProducing(): dateRangeFilter produced 1914 samples
2022-03-03 13:08:53,270 INFO o.a.j.r.p.AbstractSampleConsumer: class org.apache.jmeter.report.processor.NormalizerSampleConsumer#stopProducing(): normalizer produced 638 samples
2022-03-03 13:08:53,271 INFO o.a.j.r.p.CsvFileSampleSource: produce(): 638 samples produced in 495ms on channel 0
2022-03-03 13:08:53,271 INFO o.a.j.r.d.ReportGenerator: Exporting data using exporter:'json' of className:'org.apache.jmeter.report.dashboard.JsonExporter'
2022-03-03 13:08:53,383 INFO o.a.j.r.d.JsonExporter: Found data for consumer statisticsSummary in context
2022-03-03 13:08:53,383 INFO o.a.j.r.d.JsonExporter: Creating statistics for overall
2022-03-03 13:08:53,383 INFO o.a.j.r.d.JsonExporter: Creating statistics for other transactions
2022-03-03 13:08:53,384 INFO o.a.j.r.d.JsonExporter: Checking output folder
2022-03-03 13:08:53,389 INFO o.a.j.r.d.JsonExporter: Writing statistics JSON to C:\SS\apache-jmeter-5.4.3 - Copy\bin\New Folder (3)\statistics.json
2022-03-03 13:08:53,432 INFO o.a.j.r.d.ReportGenerator: Exporting data using exporter:'html' of className:'org.apache.jmeter.report.dashboard.HtmlTemplateExporter'
2022-03-03 13:08:53,436 INFO o.a.j.r.d.HtmlTemplateExporter: Will generate dashboard in folder: C:\SS\apache-jmeter-5.4.3 - Copy\bin\New Folder (3)
2022-03-03 13:08:53,657 INFO o.a.j.r.d.HtmlTemplateExporter: Report will be generated in: C:\SS\apache-jmeter-5.4.3 - Copy\bin\New Folder (3), creating folder structure
2022-03-03 13:08:53,661 INFO o.a.j.r.d.TemplateVisitor: Copying folder from 'C:\SS\apache-jmeter-5.4.3 - Copy\bin\report-template' to 'C:\SS\apache-jmeter-5.4.3 - Copy\bin\New Folder (3)', got message: C:\SS\apache-jmeter-5.4.3 - Copy\bin\New Folder (3), found non empty folder with following content [C:\SS\apache-jmeter-5.4.3 - Copy\bin\New Folder (3)\statistics.json], will be ignored
